Training starts..
/home/menglei/anaconda3/lib/python3.6/site-packages/torch/nn/functional.py:1890: UserWarning: nn.functional.upsample is deprecated. Use nn.functional.interpolate instead.
  warnings.warn("nn.functional.upsample is deprecated. Use nn.functional.interpolate instead.")
Train Epoch: 1 [50/75750 (0%)] | Loss: 89.2533 | CE_V: 69.6074 | CE_T: 4.6093 | RE_V: 8.6941 | RE_T: 4.6785 | AE: 1.6640 | Top1_Accuracy_V:0.02 | Top5_Accuracy_V:0.04 | Top1_Accuracy_T:0.0 | Top5_Accuracy_T:0.12 | Time:6.3308 | Total_Time:6.751
Train Epoch: 1 [550/75750 (1%)] | Loss: 88.7844 | CE_V: 68.7440 | CE_T: 4.6117 | RE_V: 8.8169 | RE_T: 5.6852 | AE: 0.9266 | Top1_Accuracy_V:0.02 | Top5_Accuracy_V:0.08 | Top1_Accuracy_T:0.04 | Top5_Accuracy_T:0.04 | Time:17.6324 | Total_Time:24.4694
Train Epoch: 1 [1050/75750 (1%)] | Loss: 83.6865 | CE_V: 66.9795 | CE_T: 4.6145 | RE_V: 7.0072 | RE_T: 4.1918 | AE: 0.8935 | Top1_Accuracy_V:0.06 | Top5_Accuracy_V:0.18 | Top1_Accuracy_T:0.02 | Top5_Accuracy_T:0.12 | Time:17.71 | Total_Time:42.2972
Train Epoch: 1 [1550/75750 (2%)] | Loss: 82.9600 | CE_V: 65.5769 | CE_T: 4.6127 | RE_V: 7.4497 | RE_T: 4.2036 | AE: 1.1170 | Top1_Accuracy_V:0.1 | Top5_Accuracy_V:0.18 | Top1_Accuracy_T:0.0 | Top5_Accuracy_T:0.04 | Time:17.8178 | Total_Time:60.0939
Train Epoch: 1 [2050/75750 (3%)] | Loss: 81.7539 | CE_V: 63.8429 | CE_T: 4.6137 | RE_V: 7.5789 | RE_T: 4.2916 | AE: 1.4267 | Top1_Accuracy_V:0.12 | Top5_Accuracy_V:0.34 | Top1_Accuracy_T:0.0 | Top5_Accuracy_T:0.1 | Time:17.7685 | Total_Time:77.9462
Train Epoch: 1 [2550/75750 (3%)] | Loss: 78.6516 | CE_V: 60.4937 | CE_T: 4.5948 | RE_V: 7.2321 | RE_T: 4.4648 | AE: 1.8662 | Top1_Accuracy_V:0.22 | Top5_Accuracy_V:0.38 | Top1_Accuracy_T:0.04 | Top5_Accuracy_T:0.14 | Time:17.9257 | Total_Time:95.7904
Train Epoch: 1 [3050/75750 (4%)] | Loss: 76.2514 | CE_V: 58.3641 | CE_T: 4.5825 | RE_V: 7.2906 | RE_T: 3.7847 | AE: 2.2295 | Top1_Accuracy_V:0.22 | Top5_Accuracy_V:0.48 | Top1_Accuracy_T:0.08 | Top5_Accuracy_T:0.16 | Time:17.8443 | Total_Time:113.6464
Train Epoch: 1 [3550/75750 (5%)] | Loss: 76.3140 | CE_V: 58.0405 | CE_T: 4.5917 | RE_V: 6.8239 | RE_T: 4.3510 | AE: 2.5069 | Top1_Accuracy_V:0.2 | Top5_Accuracy_V:0.5 | Top1_Accuracy_T:0.08 | Top5_Accuracy_T:0.14 | Time:17.8427 | Total_Time:131.445
Train Epoch: 1 [4050/75750 (5%)] | Loss: 74.8065 | CE_V: 56.4272 | CE_T: 4.5817 | RE_V: 7.0963 | RE_T: 3.8214 | AE: 2.8799 | Top1_Accuracy_V:0.24 | Top5_Accuracy_V:0.48 | Top1_Accuracy_T:0.06 | Top5_Accuracy_T:0.12 | Time:17.7565 | Total_Time:149.2642
Train Epoch: 1 [4550/75750 (6%)] | Loss: 73.9841 | CE_V: 55.9362 | CE_T: 4.5691 | RE_V: 6.7410 | RE_T: 3.5532 | AE: 3.1845 | Top1_Accuracy_V:0.18 | Top5_Accuracy_V:0.48 | Top1_Accuracy_T:0.1 | Top5_Accuracy_T:0.18 | Time:17.711 | Total_Time:167.1036
Train Epoch: 1 [5050/75750 (7%)] | Loss: 71.3199 | CE_V: 53.2459 | CE_T: 4.5491 | RE_V: 6.4946 | RE_T: 3.5391 | AE: 3.4912 | Top1_Accuracy_V:0.26 | Top5_Accuracy_V:0.54 | Top1_Accuracy_T:0.14 | Top5_Accuracy_T:0.38 | Time:17.6785 | Total_Time:184.9037
Train Epoch: 1 [5550/75750 (7%)] | Loss: 69.7558 | CE_V: 51.5218 | CE_T: 4.5556 | RE_V: 6.7161 | RE_T: 3.3121 | AE: 3.6504 | Top1_Accuracy_V:0.34 | Top5_Accuracy_V:0.56 | Top1_Accuracy_T:0.12 | Top5_Accuracy_T:0.28 | Time:17.7731 | Total_Time:202.7106
Train Epoch: 1 [6050/75750 (8%)] | Loss: 67.3407 | CE_V: 49.1831 | CE_T: 4.5345 | RE_V: 6.3547 | RE_T: 3.2322 | AE: 4.0361 | Top1_Accuracy_V:0.32 | Top5_Accuracy_V:0.58 | Top1_Accuracy_T:0.14 | Top5_Accuracy_T:0.32 | Time:17.6655 | Total_Time:220.4997
Train Epoch: 1 [6550/75750 (9%)] | Loss: 66.1159 | CE_V: 47.5498 | CE_T: 4.5082 | RE_V: 6.5742 | RE_T: 3.0700 | AE: 4.4137 | Top1_Accuracy_V:0.4 | Top5_Accuracy_V:0.56 | Top1_Accuracy_T:0.22 | Top5_Accuracy_T:0.38 | Time:17.8128 | Total_Time:238.3527
Train Epoch: 1 [7050/75750 (9%)] | Loss: 64.0034 | CE_V: 45.1226 | CE_T: 4.5031 | RE_V: 6.4063 | RE_T: 3.4175 | AE: 4.5539 | Top1_Accuracy_V:0.38 | Top5_Accuracy_V:0.68 | Top1_Accuracy_T:0.24 | Top5_Accuracy_T:0.46 | Time:17.8363 | Total_Time:256.1581
Train Epoch: 1 [7550/75750 (10%)] | Loss: 64.3089 | CE_V: 45.3346 | CE_T: 4.4962 | RE_V: 6.6178 | RE_T: 3.0332 | AE: 4.8271 | Top1_Accuracy_V:0.36 | Top5_Accuracy_V:0.62 | Top1_Accuracy_T:0.24 | Top5_Accuracy_T:0.38 | Time:17.7773 | Total_Time:273.9582
Train Epoch: 1 [8050/75750 (11%)] | Loss: 60.1795 | CE_V: 41.3851 | CE_T: 4.4541 | RE_V: 6.2588 | RE_T: 3.1020 | AE: 4.9795 | Top1_Accuracy_V:0.52 | Top5_Accuracy_V:0.72 | Top1_Accuracy_T:0.34 | Top5_Accuracy_T:0.44 | Time:17.803 | Total_Time:291.769
Train Epoch: 1 [8550/75750 (11%)] | Loss: 60.4884 | CE_V: 42.0863 | CE_T: 4.4760 | RE_V: 5.7424 | RE_T: 2.7809 | AE: 5.4028 | Top1_Accuracy_V:0.3 | Top5_Accuracy_V:0.74 | Top1_Accuracy_T:0.2 | Top5_Accuracy_T:0.44 | Time:17.9413 | Total_Time:309.5954
Train Epoch: 1 [9050/75750 (12%)] | Loss: 59.5390 | CE_V: 41.0077 | CE_T: 4.4411 | RE_V: 6.2678 | RE_T: 2.7240 | AE: 5.0985 | Top1_Accuracy_V:0.4 | Top5_Accuracy_V:0.76 | Top1_Accuracy_T:0.28 | Top5_Accuracy_T:0.46 | Time:17.8286 | Total_Time:327.4429
Train Epoch: 1 [9550/75750 (13%)] | Loss: 59.3618 | CE_V: 42.0066 | CE_T: 4.4310 | RE_V: 5.4629 | RE_T: 2.4490 | AE: 5.0122 | Top1_Accuracy_V:0.4 | Top5_Accuracy_V:0.78 | Top1_Accuracy_T:0.26 | Top5_Accuracy_T:0.6 | Time:17.8254 | Total_Time:345.2511
Train Epoch: 1 [10050/75750 (13%)] | Loss: 53.4438 | CE_V: 35.1410 | CE_T: 4.3630 | RE_V: 6.0087 | RE_T: 2.6604 | AE: 5.2707 | Top1_Accuracy_V:0.56 | Top5_Accuracy_V:0.84 | Top1_Accuracy_T:0.52 | Top5_Accuracy_T:0.68 | Time:17.8796 | Total_Time:363.107
Train Epoch: 1 [10550/75750 (14%)] | Loss: 54.9079 | CE_V: 36.5873 | CE_T: 4.3777 | RE_V: 5.7890 | RE_T: 2.2440 | AE: 5.9098 | Top1_Accuracy_V:0.42 | Top5_Accuracy_V:0.76 | Top1_Accuracy_T:0.36 | Top5_Accuracy_T:0.68 | Time:17.8813 | Total_Time:380.9623
Train Epoch: 1 [11050/75750 (15%)] | Loss: 58.1816 | CE_V: 39.5836 | CE_T: 4.3737 | RE_V: 6.2300 | RE_T: 2.2578 | AE: 5.7366 | Top1_Accuracy_V:0.44 | Top5_Accuracy_V:0.7 | Top1_Accuracy_T:0.38 | Top5_Accuracy_T:0.62 | Time:18.4221 | Total_Time:398.9081
Train Epoch: 1 [11550/75750 (15%)] | Loss: 57.6986 | CE_V: 39.5951 | CE_T: 4.2832 | RE_V: 5.9077 | RE_T: 2.4242 | AE: 5.4884 | Top1_Accuracy_V:0.38 | Top5_Accuracy_V:0.7 | Top1_Accuracy_T:0.42 | Top5_Accuracy_T:0.66 | Time:17.926 | Total_Time:416.8278
Train Epoch: 1 [12050/75750 (16%)] | Loss: 53.6229 | CE_V: 35.2591 | CE_T: 4.2907 | RE_V: 6.6623 | RE_T: 2.0613 | AE: 5.3494 | Top1_Accuracy_V:0.5 | Top5_Accuracy_V:0.8 | Top1_Accuracy_T:0.44 | Top5_Accuracy_T:0.56 | Time:17.9404 | Total_Time:434.7252
Train Epoch: 1 [12550/75750 (17%)] | Loss: 55.3685 | CE_V: 37.0734 | CE_T: 4.3469 | RE_V: 6.1431 | RE_T: 2.0196 | AE: 5.7855 | Top1_Accuracy_V:0.4 | Top5_Accuracy_V:0.72 | Top1_Accuracy_T:0.32 | Top5_Accuracy_T:0.58 | Time:17.8374 | Total_Time:452.6887
Train Epoch: 1 [13050/75750 (17%)] | Loss: 54.0818 | CE_V: 36.0130 | CE_T: 4.2341 | RE_V: 6.0959 | RE_T: 2.0340 | AE: 5.7048 | Top1_Accuracy_V:0.48 | Top5_Accuracy_V:0.72 | Top1_Accuracy_T:0.48 | Top5_Accuracy_T:0.64 | Time:17.7804 | Total_Time:470.5701
Train Epoch: 1 [13550/75750 (18%)] | Loss: 49.4231 | CE_V: 30.6490 | CE_T: 4.2323 | RE_V: 6.1795 | RE_T: 1.8123 | AE: 6.5501 | Top1_Accuracy_V:0.56 | Top5_Accuracy_V:0.78 | Top1_Accuracy_T:0.46 | Top5_Accuracy_T:0.64 | Time:17.7835 | Total_Time:488.4719
Train Epoch: 1 [14050/75750 (19%)] | Loss: 54.1339 | CE_V: 36.3202 | CE_T: 4.2145 | RE_V: 5.9952 | RE_T: 1.7973 | AE: 5.8068 | Top1_Accuracy_V:0.52 | Top5_Accuracy_V:0.76 | Top1_Accuracy_T:0.44 | Top5_Accuracy_T:0.7 | Time:17.8313 | Total_Time:506.3468
Train Epoch: 1 [14550/75750 (19%)] | Loss: 45.7660 | CE_V: 27.8673 | CE_T: 4.1735 | RE_V: 5.9238 | RE_T: 1.7532 | AE: 6.0482 | Top1_Accuracy_V:0.48 | Top5_Accuracy_V:0.9 | Top1_Accuracy_T:0.48 | Top5_Accuracy_T:0.66 | Time:17.8189 | Total_Time:524.2572
Train Epoch: 1 [15050/75750 (20%)] | Loss: 48.4142 | CE_V: 30.9952 | CE_T: 4.1200 | RE_V: 5.7727 | RE_T: 1.7673 | AE: 5.7590 | Top1_Accuracy_V:0.56 | Top5_Accuracy_V:0.84 | Top1_Accuracy_T:0.52 | Top5_Accuracy_T:0.66 | Time:17.7806 | Total_Time:542.1735
Train Epoch: 1 [15550/75750 (21%)] | Loss: 50.7522 | CE_V: 33.2388 | CE_T: 4.0218 | RE_V: 5.8945 | RE_T: 1.7368 | AE: 5.8604 | Top1_Accuracy_V:0.46 | Top5_Accuracy_V:0.84 | Top1_Accuracy_T:0.56 | Top5_Accuracy_T:0.68 | Time:17.8689 | Total_Time:560.0594
Train Epoch: 1 [16050/75750 (21%)] | Loss: 47.9887 | CE_V: 30.3498 | CE_T: 4.0362 | RE_V: 6.1540 | RE_T: 1.5791 | AE: 5.8696 | Top1_Accuracy_V:0.62 | Top5_Accuracy_V:0.84 | Top1_Accuracy_T:0.56 | Top5_Accuracy_T:0.66 | Time:17.8962 | Total_Time:577.9474
Train Epoch: 1 [16550/75750 (22%)] | Loss: 45.9622 | CE_V: 28.5814 | CE_T: 3.8425 | RE_V: 6.0028 | RE_T: 1.6406 | AE: 5.8949 | Top1_Accuracy_V:0.56 | Top5_Accuracy_V:0.82 | Top1_Accuracy_T:0.7 | Top5_Accuracy_T:0.9 | Time:17.7874 | Total_Time:595.7947
Train Epoch: 1 [17050/75750 (23%)] | Loss: 55.2899 | CE_V: 38.5607 | CE_T: 4.0207 | RE_V: 5.6939 | RE_T: 1.6324 | AE: 5.3822 | Top1_Accuracy_V:0.38 | Top5_Accuracy_V:0.68 | Top1_Accuracy_T:0.56 | Top5_Accuracy_T:0.76 | Time:17.732 | Total_Time:613.6282
Train Epoch: 1 [17550/75750 (23%)] | Loss: 45.4782 | CE_V: 29.0651 | CE_T: 4.0097 | RE_V: 5.1980 | RE_T: 1.4729 | AE: 5.7324 | Top1_Accuracy_V:0.64 | Top5_Accuracy_V:0.86 | Top1_Accuracy_T:0.42 | Top5_Accuracy_T:0.66 | Time:17.8124 | Total_Time:631.4352
Train Epoch: 1 [18050/75750 (24%)] | Loss: 47.9284 | CE_V: 31.2105 | CE_T: 3.9341 | RE_V: 5.5702 | RE_T: 1.5482 | AE: 5.6654 | Top1_Accuracy_V:0.6 | Top5_Accuracy_V:0.84 | Top1_Accuracy_T:0.6 | Top5_Accuracy_T:0.8 | Time:17.6683 | Total_Time:649.2915
Train Epoch: 1 [18550/75750 (24%)] | Loss: 51.5495 | CE_V: 34.7796 | CE_T: 3.8990 | RE_V: 6.0245 | RE_T: 1.4482 | AE: 5.3982 | Top1_Accuracy_V:0.52 | Top5_Accuracy_V:0.78 | Top1_Accuracy_T:0.42 | Top5_Accuracy_T:0.84 | Time:17.6522 | Total_Time:667.109
Train Epoch: 1 [19050/75750 (25%)] | Loss: 44.0570 | CE_V: 27.5767 | CE_T: 3.8949 | RE_V: 5.4976 | RE_T: 1.3569 | AE: 5.7309 | Top1_Accuracy_V:0.56 | Top5_Accuracy_V:0.88 | Top1_Accuracy_T:0.5 | Top5_Accuracy_T:0.64 | Time:17.8036 | Total_Time:685.2593
Train Epoch: 1 [19550/75750 (26%)] | Loss: 43.6742 | CE_V: 27.0880 | CE_T: 3.6799 | RE_V: 5.2937 | RE_T: 1.4378 | AE: 6.1747 | Top1_Accuracy_V:0.64 | Top5_Accuracy_V:0.88 | Top1_Accuracy_T:0.72 | Top5_Accuracy_T:0.86 | Time:17.666 | Total_Time:703.1229
Train Epoch: 1 [20050/75750 (26%)] | Loss: 43.0935 | CE_V: 26.4914 | CE_T: 3.7753 | RE_V: 5.2654 | RE_T: 1.2835 | AE: 6.2779 | Top1_Accuracy_V:0.54 | Top5_Accuracy_V:0.86 | Top1_Accuracy_T:0.58 | Top5_Accuracy_T:0.8 | Time:17.6506 | Total_Time:720.9366
Train Epoch: 1 [20550/75750 (27%)] | Loss: 45.9826 | CE_V: 29.6606 | CE_T: 3.7485 | RE_V: 5.4251 | RE_T: 1.4306 | AE: 5.7178 | Top1_Accuracy_V:0.56 | Top5_Accuracy_V:0.78 | Top1_Accuracy_T:0.56 | Top5_Accuracy_T:0.86 | Time:17.7951 | Total_Time:738.8144
Train Epoch: 1 [21050/75750 (28%)] | Loss: 45.2743 | CE_V: 28.9306 | CE_T: 3.8553 | RE_V: 5.5150 | RE_T: 1.2800 | AE: 5.6933 | Top1_Accuracy_V:0.58 | Top5_Accuracy_V:0.8 | Top1_Accuracy_T:0.6 | Top5_Accuracy_T:0.8 | Time:17.8313 | Total_Time:756.6408
Train Epoch: 1 [21550/75750 (28%)] | Loss: 49.4792 | CE_V: 32.6594 | CE_T: 3.6935 | RE_V: 5.9026 | RE_T: 1.1854 | AE: 6.0383 | Top1_Accuracy_V:0.5 | Top5_Accuracy_V:0.78 | Top1_Accuracy_T:0.54 | Top5_Accuracy_T:0.76 | Time:17.8497 | Total_Time:774.533
Train Epoch: 1 [22050/75750 (29%)] | Loss: 45.7206 | CE_V: 30.1884 | CE_T: 3.5080 | RE_V: 5.5296 | RE_T: 1.2015 | AE: 5.2931 | Top1_Accuracy_V:0.54 | Top5_Accuracy_V:0.78 | Top1_Accuracy_T:0.72 | Top5_Accuracy_T:0.86 | Time:17.7932 | Total_Time:792.3589
Train Epoch: 1 [22550/75750 (30%)] | Loss: 45.4129 | CE_V: 29.7599 | CE_T: 3.5339 | RE_V: 5.1012 | RE_T: 1.1818 | AE: 5.8361 | Top1_Accuracy_V:0.54 | Top5_Accuracy_V:0.74 | Top1_Accuracy_T:0.68 | Top5_Accuracy_T:0.86 | Time:17.7544 | Total_Time:810.1545
Train Epoch: 1 [23050/75750 (30%)] | Loss: 47.2670 | CE_V: 31.0731 | CE_T: 3.6567 | RE_V: 5.4157 | RE_T: 1.1828 | AE: 5.9386 | Top1_Accuracy_V:0.58 | Top5_Accuracy_V:0.8 | Top1_Accuracy_T:0.6 | Top5_Accuracy_T:0.88 | Time:17.7732 | Total_Time:827.9474
Train Epoch: 1 [23550/75750 (31%)] | Loss: 49.7923 | CE_V: 34.4858 | CE_T: 3.4123 | RE_V: 5.4749 | RE_T: 1.1775 | AE: 5.2418 | Top1_Accuracy_V:0.46 | Top5_Accuracy_V:0.72 | Top1_Accuracy_T:0.64 | Top5_Accuracy_T:0.92 | Time:17.8199 | Total_Time:845.7559
Train Epoch: 1 [24050/75750 (32%)] | Loss: 45.3560 | CE_V: 29.9054 | CE_T: 3.4219 | RE_V: 4.9389 | RE_T: 1.0465 | AE: 6.0434 | Top1_Accuracy_V:0.54 | Top5_Accuracy_V:0.84 | Top1_Accuracy_T:0.64 | Top5_Accuracy_T:0.78 | Time:17.777 | Total_Time:863.5858
Train Epoch: 1 [24550/75750 (32%)] | Loss: 47.0694 | CE_V: 30.8864 | CE_T: 3.6837 | RE_V: 5.4269 | RE_T: 1.0478 | AE: 6.0246 | Top1_Accuracy_V:0.5 | Top5_Accuracy_V:0.72 | Top1_Accuracy_T:0.54 | Top5_Accuracy_T:0.68 | Time:17.8892 | Total_Time:881.4218
Train Epoch: 1 [25050/75750 (33%)] | Loss: 42.0936 | CE_V: 26.1781 | CE_T: 3.4498 | RE_V: 5.7232 | RE_T: 0.9529 | AE: 5.7896 | Top1_Accuracy_V:0.58 | Top5_Accuracy_V:0.88 | Top1_Accuracy_T:0.56 | Top5_Accuracy_T:0.84 | Time:17.8878 | Total_Time:899.2961
Train Epoch: 1 [25550/75750 (34%)] | Loss: 40.0232 | CE_V: 24.3503 | CE_T: 3.4840 | RE_V: 5.2581 | RE_T: 0.9002 | AE: 6.0305 | Top1_Accuracy_V:0.64 | Top5_Accuracy_V:0.88 | Top1_Accuracy_T:0.64 | Top5_Accuracy_T:0.74 | Time:17.7722 | Total_Time:917.1334
Train Epoch: 1 [26050/75750 (34%)] | Loss: 41.3034 | CE_V: 25.7022 | CE_T: 3.4021 | RE_V: 5.3365 | RE_T: 1.0491 | AE: 5.8135 | Top1_Accuracy_V:0.62 | Top5_Accuracy_V:0.8 | Top1_Accuracy_T:0.78 | Top5_Accuracy_T:0.88 | Time:17.8546 | Total_Time:934.9645
Train Epoch: 1 [26550/75750 (35%)] | Loss: 46.0557 | CE_V: 31.1013 | CE_T: 3.3556 | RE_V: 5.1333 | RE_T: 0.9694 | AE: 5.4961 | Top1_Accuracy_V:0.56 | Top5_Accuracy_V:0.82 | Top1_Accuracy_T:0.78 | Top5_Accuracy_T:0.84 | Time:17.8782 | Total_Time:952.795
Train Epoch: 1 [27050/75750 (36%)] | Loss: 43.8672 | CE_V: 29.8167 | CE_T: 3.1084 | RE_V: 4.8302 | RE_T: 0.8733 | AE: 5.2386 | Top1_Accuracy_V:0.56 | Top5_Accuracy_V:0.8 | Top1_Accuracy_T:0.74 | Top5_Accuracy_T:0.92 | Time:17.7422 | Total_Time:970.6376
Train Epoch: 1 [27550/75750 (36%)] | Loss: 40.7043 | CE_V: 25.2869 | CE_T: 3.1758 | RE_V: 5.5550 | RE_T: 0.9186 | AE: 5.7680 | Top1_Accuracy_V:0.62 | Top5_Accuracy_V:0.9 | Top1_Accuracy_T:0.76 | Top5_Accuracy_T:0.94 | Time:17.8154 | Total_Time:988.6159
Train Epoch: 1 [28050/75750 (37%)] | Loss: 43.7086 | CE_V: 28.9108 | CE_T: 3.2607 | RE_V: 5.1732 | RE_T: 0.8745 | AE: 5.4895 | Top1_Accuracy_V:0.54 | Top5_Accuracy_V:0.84 | Top1_Accuracy_T:0.7 | Top5_Accuracy_T:0.88 | Time:17.774 | Total_Time:1006.496
Train Epoch: 1 [28550/75750 (38%)] | Loss: 40.9038 | CE_V: 25.7546 | CE_T: 3.1944 | RE_V: 5.3009 | RE_T: 0.9070 | AE: 5.7469 | Top1_Accuracy_V:0.64 | Top5_Accuracy_V:0.9 | Top1_Accuracy_T:0.72 | Top5_Accuracy_T:0.86 | Time:17.8314 | Total_Time:1024.4064
Train Epoch: 1 [29050/75750 (38%)] | Loss: 39.7736 | CE_V: 25.4637 | CE_T: 3.0615 | RE_V: 5.0737 | RE_T: 0.8763 | AE: 5.2983 | Top1_Accuracy_V:0.56 | Top5_Accuracy_V:0.86 | Top1_Accuracy_T:0.82 | Top5_Accuracy_T:0.92 | Time:17.8387 | Total_Time:1042.3106
Train Epoch: 1 [29550/75750 (39%)] | Loss: 42.7654 | CE_V: 27.7297 | CE_T: 3.1962 | RE_V: 4.8826 | RE_T: 0.8408 | AE: 6.1161 | Top1_Accuracy_V:0.56 | Top5_Accuracy_V:0.78 | Top1_Accuracy_T:0.7 | Top5_Accuracy_T:0.86 | Time:17.878 | Total_Time:1060.2263
Train Epoch: 1 [30050/75750 (40%)] | Loss: 37.7835 | CE_V: 22.6085 | CE_T: 3.2678 | RE_V: 5.2632 | RE_T: 0.8058 | AE: 5.8382 | Top1_Accuracy_V:0.68 | Top5_Accuracy_V:0.9 | Top1_Accuracy_T:0.68 | Top5_Accuracy_T:0.9 | Time:17.7421 | Total_Time:1078.1694
Train Epoch: 1 [30550/75750 (40%)] | Loss: 44.7206 | CE_V: 30.1053 | CE_T: 2.9330 | RE_V: 5.4665 | RE_T: 0.8320 | AE: 5.3839 | Top1_Accuracy_V:0.54 | Top5_Accuracy_V:0.78 | Top1_Accuracy_T:0.88 | Top5_Accuracy_T:0.96 | Time:17.852 | Total_Time:1096.0697
Train Epoch: 1 [31050/75750 (41%)] | Loss: 38.6218 | CE_V: 24.9209 | CE_T: 2.9407 | RE_V: 4.5738 | RE_T: 0.7700 | AE: 5.4164 | Top1_Accuracy_V:0.62 | Top5_Accuracy_V:0.9 | Top1_Accuracy_T:0.8 | Top5_Accuracy_T:0.96 | Time:17.8659 | Total_Time:1114.0621
Train Epoch: 1 [31550/75750 (42%)] | Loss: 44.4280 | CE_V: 30.3842 | CE_T: 2.9852 | RE_V: 5.1560 | RE_T: 0.8013 | AE: 5.1014 | Top1_Accuracy_V:0.6 | Top5_Accuracy_V:0.82 | Top1_Accuracy_T:0.82 | Top5_Accuracy_T:0.92 | Time:17.7813 | Total_Time:1131.9081
Train Epoch: 1 [32050/75750 (42%)] | Loss: 40.9828 | CE_V: 27.5071 | CE_T: 2.6770 | RE_V: 5.0552 | RE_T: 0.7501 | AE: 4.9934 | Top1_Accuracy_V:0.56 | Top5_Accuracy_V:0.92 | Top1_Accuracy_T:0.86 | Top5_Accuracy_T:1.0 | Time:17.7879 | Total_Time:1149.7614
Train Epoch: 1 [32550/75750 (43%)] | Loss: 37.6776 | CE_V: 23.7577 | CE_T: 2.7801 | RE_V: 5.1043 | RE_T: 0.7522 | AE: 5.2834 | Top1_Accuracy_V:0.7 | Top5_Accuracy_V:0.86 | Top1_Accuracy_T:0.9 | Top5_Accuracy_T:0.96 | Time:17.8153 | Total_Time:1167.6443
Train Epoch: 1 [33050/75750 (44%)] | Loss: 33.9263 | CE_V: 19.5176 | CE_T: 2.7558 | RE_V: 5.2515 | RE_T: 0.7018 | AE: 5.6998 | Top1_Accuracy_V:0.72 | Top5_Accuracy_V:0.92 | Top1_Accuracy_T:0.82 | Top5_Accuracy_T:0.96 | Time:17.9424 | Total_Time:1185.52
Train Epoch: 1 [33550/75750 (44%)] | Loss: 34.2504 | CE_V: 20.0259 | CE_T: 2.8128 | RE_V: 5.2746 | RE_T: 0.6793 | AE: 5.4579 | Top1_Accuracy_V:0.74 | Top5_Accuracy_V:0.86 | Top1_Accuracy_T:0.8 | Top5_Accuracy_T:0.86 | Time:17.8558 | Total_Time:1203.3504
Train Epoch: 1 [34050/75750 (45%)] | Loss: 36.3537 | CE_V: 22.3282 | CE_T: 2.8654 | RE_V: 4.9501 | RE_T: 0.7398 | AE: 5.4702 | Top1_Accuracy_V:0.66 | Top5_Accuracy_V:0.88 | Top1_Accuracy_T:0.88 | Top5_Accuracy_T:0.96 | Time:17.8148 | Total_Time:1221.2089
Train Epoch: 1 [34550/75750 (46%)] | Loss: 38.3462 | CE_V: 24.1342 | CE_T: 2.8998 | RE_V: 5.4202 | RE_T: 0.6555 | AE: 5.2365 | Top1_Accuracy_V:0.66 | Top5_Accuracy_V:0.84 | Top1_Accuracy_T:0.84 | Top5_Accuracy_T:0.9 | Time:17.7494 | Total_Time:1239.128
Train Epoch: 1 [35050/75750 (46%)] | Loss: 42.1037 | CE_V: 27.9983 | CE_T: 2.8110 | RE_V: 5.1662 | RE_T: 0.6782 | AE: 5.4500 | Top1_Accuracy_V:0.6 | Top5_Accuracy_V:0.78 | Top1_Accuracy_T:0.84 | Top5_Accuracy_T:0.94 | Time:17.8993 | Total_Time:1256.9733
Train Epoch: 1 [35550/75750 (47%)] | Loss: 46.8449 | CE_V: 32.8637 | CE_T: 2.9134 | RE_V: 5.2727 | RE_T: 0.6801 | AE: 5.1150 | Top1_Accuracy_V:0.48 | Top5_Accuracy_V:0.74 | Top1_Accuracy_T:0.88 | Top5_Accuracy_T:0.96 | Time:17.7704 | Total_Time:1274.8423
Train Epoch: 1 [36050/75750 (48%)] | Loss: 38.1169 | CE_V: 24.3658 | CE_T: 2.6313 | RE_V: 5.1854 | RE_T: 0.6488 | AE: 5.2855 | Top1_Accuracy_V:0.62 | Top5_Accuracy_V:0.9 | Top1_Accuracy_T:0.92 | Top5_Accuracy_T:0.96 | Time:17.867 | Total_Time:1292.7241
Train Epoch: 1 [36550/75750 (48%)] | Loss: 34.2321 | CE_V: 20.4442 | CE_T: 2.7475 | RE_V: 5.3363 | RE_T: 0.6004 | AE: 5.1036 | Top1_Accuracy_V:0.66 | Top5_Accuracy_V:0.92 | Top1_Accuracy_T:0.72 | Top5_Accuracy_T:0.92 | Time:17.885 | Total_Time:1310.5718
Train Epoch: 1 [37050/75750 (49%)] | Loss: 36.7382 | CE_V: 24.2206 | CE_T: 2.5723 | RE_V: 4.5879 | RE_T: 0.6271 | AE: 4.7303 | Top1_Accuracy_V:0.68 | Top5_Accuracy_V:0.82 | Top1_Accuracy_T:0.94 | Top5_Accuracy_T:1.0 | Time:17.8035 | Total_Time:1328.4588
Train Epoch: 1 [37550/75750 (50%)] | Loss: 40.1287 | CE_V: 25.9667 | CE_T: 2.8484 | RE_V: 4.9135 | RE_T: 0.6474 | AE: 5.7527 | Top1_Accuracy_V:0.54 | Top5_Accuracy_V:0.82 | Top1_Accuracy_T:0.76 | Top5_Accuracy_T:0.96 | Time:17.8443 | Total_Time:1346.3287
Train Epoch: 1 [38050/75750 (50%)] | Loss: 38.7478 | CE_V: 25.3259 | CE_T: 2.6865 | RE_V: 4.7881 | RE_T: 0.5943 | AE: 5.3530 | Top1_Accuracy_V:0.62 | Top5_Accuracy_V:0.84 | Top1_Accuracy_T:0.8 | Top5_Accuracy_T:0.92 | Time:17.9355 | Total_Time:1364.1795
Train Epoch: 1 [38550/75750 (51%)] | Loss: 41.3280 | CE_V: 26.9443 | CE_T: 2.7398 | RE_V: 5.3437 | RE_T: 0.5855 | AE: 5.7146 | Top1_Accuracy_V:0.62 | Top5_Accuracy_V:0.82 | Top1_Accuracy_T:0.82 | Top5_Accuracy_T:0.98 | Time:17.8892 | Total_Time:1382.0483
Train Epoch: 1 [39050/75750 (52%)] | Loss: 37.0744 | CE_V: 23.7090 | CE_T: 2.3446 | RE_V: 5.3184 | RE_T: 0.5264 | AE: 5.1760 | Top1_Accuracy_V:0.62 | Top5_Accuracy_V:0.8 | Top1_Accuracy_T:0.9 | Top5_Accuracy_T:0.98 | Time:17.8741 | Total_Time:1399.8865
Train Epoch: 1 [39550/75750 (52%)] | Loss: 39.8146 | CE_V: 27.1968 | CE_T: 2.5680 | RE_V: 4.8631 | RE_T: 0.5773 | AE: 4.6094 | Top1_Accuracy_V:0.56 | Top5_Accuracy_V:0.88 | Top1_Accuracy_T:0.94 | Top5_Accuracy_T:1.0 | Time:17.7851 | Total_Time:1417.7134
Train Epoch: 1 [40050/75750 (53%)] | Loss: 34.5185 | CE_V: 21.4964 | CE_T: 2.4720 | RE_V: 5.0414 | RE_T: 0.5696 | AE: 4.9392 | Top1_Accuracy_V:0.72 | Top5_Accuracy_V:0.88 | Top1_Accuracy_T:0.92 | Top5_Accuracy_T:1.0 | Time:17.8881 | Total_Time:1435.5487
Train Epoch: 1 [40550/75750 (54%)] | Loss: 29.6376 | CE_V: 16.7178 | CE_T: 2.3446 | RE_V: 4.9194 | RE_T: 0.5379 | AE: 5.1179 | Top1_Accuracy_V:0.72 | Top5_Accuracy_V:0.98 | Top1_Accuracy_T:0.94 | Top5_Accuracy_T:1.0 | Time:17.8764 | Total_Time:1453.4336
Train Epoch: 1 [41050/75750 (54%)] | Loss: 34.7926 | CE_V: 21.0305 | CE_T: 2.4888 | RE_V: 5.7396 | RE_T: 0.5367 | AE: 4.9970 | Top1_Accuracy_V:0.64 | Top5_Accuracy_V:0.92 | Top1_Accuracy_T:0.94 | Top5_Accuracy_T:0.94 | Time:17.7664 | Total_Time:1471.2439
Train Epoch: 1 [41550/75750 (55%)] | Loss: 35.2376 | CE_V: 22.3884 | CE_T: 2.3525 | RE_V: 5.0579 | RE_T: 0.4826 | AE: 4.9562 | Top1_Accuracy_V:0.66 | Top5_Accuracy_V:0.88 | Top1_Accuracy_T:0.92 | Top5_Accuracy_T:0.96 | Time:17.7256 | Total_Time:1489.0386
Train Epoch: 1 [42050/75750 (56%)] | Loss: 37.0988 | CE_V: 22.6530 | CE_T: 2.5383 | RE_V: 5.6714 | RE_T: 0.5657 | AE: 5.6703 | Top1_Accuracy_V:0.62 | Top5_Accuracy_V:0.86 | Top1_Accuracy_T:0.96 | Top5_Accuracy_T:1.0 | Time:17.8018 | Total_Time:1506.8499
Train Epoch: 1 [42550/75750 (56%)] | Loss: 38.8671 | CE_V: 26.4759 | CE_T: 2.1034 | RE_V: 4.9215 | RE_T: 0.4712 | AE: 4.8951 | Top1_Accuracy_V:0.58 | Top5_Accuracy_V:0.82 | Top1_Accuracy_T:0.94 | Top5_Accuracy_T:0.98 | Time:17.6548 | Total_Time:1524.6605
Train Epoch: 1 [43050/75750 (57%)] | Loss: 35.5135 | CE_V: 22.4196 | CE_T: 2.0492 | RE_V: 5.3551 | RE_T: 0.4332 | AE: 5.2564 | Top1_Accuracy_V:0.66 | Top5_Accuracy_V:0.86 | Top1_Accuracy_T:0.94 | Top5_Accuracy_T:0.96 | Time:17.7797 | Total_Time:1542.5047
Train Epoch: 1 [43550/75750 (57%)] | Loss: 44.0300 | CE_V: 31.2778 | CE_T: 2.1864 | RE_V: 5.0635 | RE_T: 0.4987 | AE: 5.0037 | Top1_Accuracy_V:0.46 | Top5_Accuracy_V:0.8 | Top1_Accuracy_T:0.92 | Top5_Accuracy_T:1.0 | Time:17.8106 | Total_Time:1560.3697
Train Epoch: 1 [44050/75750 (58%)] | Loss: 44.7623 | CE_V: 31.9210 | CE_T: 2.1421 | RE_V: 5.1196 | RE_T: 0.4715 | AE: 5.1081 | Top1_Accuracy_V:0.5 | Top5_Accuracy_V:0.72 | Top1_Accuracy_T:1.0 | Top5_Accuracy_T:1.0 | Time:17.8799 | Total_Time:1578.302
Train Epoch: 1 [44550/75750 (59%)] | Loss: 36.0986 | CE_V: 23.6018 | CE_T: 2.2299 | RE_V: 5.1951 | RE_T: 0.4799 | AE: 4.5919 | Top1_Accuracy_V:0.6 | Top5_Accuracy_V:0.88 | Top1_Accuracy_T:0.96 | Top5_Accuracy_T:1.0 | Time:17.7736 | Total_Time:1596.187
Train Epoch: 1 [45050/75750 (59%)] | Loss: 35.4702 | CE_V: 23.1397 | CE_T: 2.2774 | RE_V: 4.4109 | RE_T: 0.4598 | AE: 5.1824 | Top1_Accuracy_V:0.66 | Top5_Accuracy_V:0.9 | Top1_Accuracy_T:0.94 | Top5_Accuracy_T:1.0 | Time:17.7739 | Total_Time:1614.0545
Train Epoch: 1 [45550/75750 (60%)] | Loss: 38.4399 | CE_V: 25.3260 | CE_T: 2.2698 | RE_V: 5.2022 | RE_T: 0.4581 | AE: 5.1838 | Top1_Accuracy_V:0.6 | Top5_Accuracy_V:0.86 | Top1_Accuracy_T:0.94 | Top5_Accuracy_T:1.0 | Time:17.6906 | Total_Time:1631.9127
Train Epoch: 1 [46050/75750 (61%)] | Loss: 40.4104 | CE_V: 27.4720 | CE_T: 1.9971 | RE_V: 5.3098 | RE_T: 0.4089 | AE: 5.2226 | Top1_Accuracy_V:0.52 | Top5_Accuracy_V:0.84 | Top1_Accuracy_T:0.96 | Top5_Accuracy_T:1.0 | Time:18.1852 | Total_Time:1649.8302
Train Epoch: 1 [46550/75750 (61%)] | Loss: 38.4291 | CE_V: 25.8521 | CE_T: 2.2619 | RE_V: 4.9128 | RE_T: 0.4617 | AE: 4.9406 | Top1_Accuracy_V:0.56 | Top5_Accuracy_V:0.82 | Top1_Accuracy_T:0.94 | Top5_Accuracy_T:0.96 | Time:17.9524 | Total_Time:1667.7153
Train Epoch: 1 [47050/75750 (62%)] | Loss: 33.9359 | CE_V: 21.3652 | CE_T: 2.0821 | RE_V: 5.4674 | RE_T: 0.4402 | AE: 4.5810 | Top1_Accuracy_V:0.64 | Top5_Accuracy_V:0.88 | Top1_Accuracy_T:0.92 | Top5_Accuracy_T:0.96 | Time:17.752 | Total_Time:1685.5761
Train Epoch: 1 [47550/75750 (63%)] | Loss: 33.6537 | CE_V: 21.4361 | CE_T: 2.0057 | RE_V: 5.0218 | RE_T: 0.3991 | AE: 4.7910 | Top1_Accuracy_V:0.6 | Top5_Accuracy_V:0.94 | Top1_Accuracy_T:0.9 | Top5_Accuracy_T:0.96 | Time:17.7814 | Total_Time:1703.4965
Train Epoch: 1 [48050/75750 (63%)] | Loss: 32.1079 | CE_V: 18.9782 | CE_T: 1.9953 | RE_V: 5.6503 | RE_T: 0.4115 | AE: 5.0725 | Top1_Accuracy_V:0.78 | Top5_Accuracy_V:0.88 | Top1_Accuracy_T:0.98 | Top5_Accuracy_T:1.0 | Time:17.803 | Total_Time:1721.371
Train Epoch: 1 [48550/75750 (64%)] | Loss: 30.4477 | CE_V: 18.8716 | CE_T: 1.9091 | RE_V: 4.6398 | RE_T: 0.3725 | AE: 4.6548 | Top1_Accuracy_V:0.74 | Top5_Accuracy_V:0.94 | Top1_Accuracy_T:0.92 | Top5_Accuracy_T:0.98 | Time:17.8727 | Total_Time:1739.2812
Train Epoch: 1 [49050/75750 (65%)] | Loss: 40.9156 | CE_V: 28.3820 | CE_T: 1.9036 | RE_V: 5.3599 | RE_T: 0.4002 | AE: 4.8699 | Top1_Accuracy_V:0.54 | Top5_Accuracy_V:0.76 | Top1_Accuracy_T:0.98 | Top5_Accuracy_T:1.0 | Time:17.8326 | Total_Time:1757.3312
Train Epoch: 1 [49550/75750 (65%)] | Loss: 31.9189 | CE_V: 20.0998 | CE_T: 1.8001 | RE_V: 5.0666 | RE_T: 0.3550 | AE: 4.5974 | Top1_Accuracy_V:0.68 | Top5_Accuracy_V:0.88 | Top1_Accuracy_T:0.98 | Top5_Accuracy_T:1.0 | Time:18.4673 | Total_Time:1775.2596
Train Epoch: 1 [50050/75750 (66%)] | Loss: 34.1718 | CE_V: 21.7968 | CE_T: 1.9237 | RE_V: 5.2315 | RE_T: 0.3956 | AE: 4.8242 | Top1_Accuracy_V:0.64 | Top5_Accuracy_V:0.92 | Top1_Accuracy_T:0.98 | Top5_Accuracy_T:0.98 | Time:17.9327 | Total_Time:1793.142
Train Epoch: 1 [50550/75750 (67%)] | Loss: 29.7143 | CE_V: 17.7495 | CE_T: 1.9481 | RE_V: 4.8743 | RE_T: 0.3963 | AE: 4.7460 | Top1_Accuracy_V:0.62 | Top5_Accuracy_V:0.96 | Top1_Accuracy_T:0.98 | Top5_Accuracy_T:1.0 | Time:17.9055 | Total_Time:1811.0136
Train Epoch: 1 [51050/75750 (67%)] | Loss: 34.0348 | CE_V: 21.7763 | CE_T: 1.8692 | RE_V: 5.2628 | RE_T: 0.3554 | AE: 4.7712 | Top1_Accuracy_V:0.6 | Top5_Accuracy_V:0.88 | Top1_Accuracy_T:0.98 | Top5_Accuracy_T:0.98 | Time:17.6403 | Total_Time:1828.8894
Train Epoch: 1 [51550/75750 (68%)] | Loss: 35.6417 | CE_V: 23.5303 | CE_T: 1.9627 | RE_V: 4.9286 | RE_T: 0.3264 | AE: 4.8938 | Top1_Accuracy_V:0.6 | Top5_Accuracy_V:0.88 | Top1_Accuracy_T:0.96 | Top5_Accuracy_T:0.98 | Time:17.787 | Total_Time:1846.7322
Train Epoch: 1 [52050/75750 (69%)] | Loss: 32.6394 | CE_V: 19.8453 | CE_T: 2.0793 | RE_V: 5.3712 | RE_T: 0.3818 | AE: 4.9618 | Top1_Accuracy_V:0.7 | Top5_Accuracy_V:0.88 | Top1_Accuracy_T:0.94 | Top5_Accuracy_T:1.0 | Time:17.8468 | Total_Time:1864.5676
Train Epoch: 1 [52550/75750 (69%)] | Loss: 32.9282 | CE_V: 21.1395 | CE_T: 1.8455 | RE_V: 5.0263 | RE_T: 0.3369 | AE: 4.5800 | Top1_Accuracy_V:0.64 | Top5_Accuracy_V:0.94 | Top1_Accuracy_T:0.96 | Top5_Accuracy_T:0.98 | Time:17.668 | Total_Time:1882.3804
Train Epoch: 1 [53050/75750 (70%)] | Loss: 34.4350 | CE_V: 23.1761 | CE_T: 1.7524 | RE_V: 4.6143 | RE_T: 0.3438 | AE: 4.5484 | Top1_Accuracy_V:0.6 | Top5_Accuracy_V:0.86 | Top1_Accuracy_T:0.94 | Top5_Accuracy_T:0.98 | Time:17.8128 | Total_Time:1900.2987
Train Epoch: 1 [53550/75750 (71%)] | Loss: 33.8455 | CE_V: 21.9835 | CE_T: 1.7406 | RE_V: 4.9802 | RE_T: 0.3222 | AE: 4.8189 | Top1_Accuracy_V:0.62 | Top5_Accuracy_V:0.88 | Top1_Accuracy_T:0.94 | Top5_Accuracy_T:1.0 | Time:17.8204 | Total_Time:1918.162
Train Epoch: 1 [54050/75750 (71%)] | Loss: 35.2085 | CE_V: 23.5214 | CE_T: 1.7190 | RE_V: 4.8801 | RE_T: 0.3494 | AE: 4.7386 | Top1_Accuracy_V:0.66 | Top5_Accuracy_V:0.86 | Top1_Accuracy_T:0.98 | Top5_Accuracy_T:1.0 | Time:17.757 | Total_Time:1936.0189
Train Epoch: 1 [54550/75750 (72%)] | Loss: 33.6222 | CE_V: 21.1634 | CE_T: 1.7589 | RE_V: 5.3446 | RE_T: 0.3227 | AE: 5.0324 | Top1_Accuracy_V:0.64 | Top5_Accuracy_V:0.84 | Top1_Accuracy_T:0.96 | Top5_Accuracy_T:0.98 | Time:17.8503 | Total_Time:1953.8651
Train Epoch: 1 [55050/75750 (73%)] | Loss: 31.8737 | CE_V: 19.8015 | CE_T: 1.7329 | RE_V: 4.8976 | RE_T: 0.3302 | AE: 5.1115 | Top1_Accuracy_V:0.68 | Top5_Accuracy_V:0.88 | Top1_Accuracy_T:0.96 | Top5_Accuracy_T:0.96 | Time:17.8915 | Total_Time:1971.7018
Train Epoch: 1 [55550/75750 (73%)] | Loss: 33.6413 | CE_V: 22.4095 | CE_T: 1.3235 | RE_V: 4.8011 | RE_T: 0.2619 | AE: 4.8452 | Top1_Accuracy_V:0.66 | Top5_Accuracy_V:0.86 | Top1_Accuracy_T:0.96 | Top5_Accuracy_T:0.96 | Time:17.9155 | Total_Time:1989.6022
Train Epoch: 1 [56050/75750 (74%)] | Loss: 31.4097 | CE_V: 20.0601 | CE_T: 1.6292 | RE_V: 4.6537 | RE_T: 0.2771 | AE: 4.7895 | Top1_Accuracy_V:0.64 | Top5_Accuracy_V:0.88 | Top1_Accuracy_T:0.94 | Top5_Accuracy_T:0.98 | Time:17.8722 | Total_Time:2007.4474
Train Epoch: 1 [56550/75750 (75%)] | Loss: 33.5247 | CE_V: 21.8283 | CE_T: 1.7264 | RE_V: 4.9816 | RE_T: 0.3369 | AE: 4.6515 | Top1_Accuracy_V:0.64 | Top5_Accuracy_V:0.92 | Top1_Accuracy_T:0.98 | Top5_Accuracy_T:0.98 | Time:17.8078 | Total_Time:2025.3122
Train Epoch: 1 [57050/75750 (75%)] | Loss: 32.3470 | CE_V: 20.6386 | CE_T: 1.5603 | RE_V: 4.9371 | RE_T: 0.2854 | AE: 4.9256 | Top1_Accuracy_V:0.66 | Top5_Accuracy_V:0.86 | Top1_Accuracy_T:0.96 | Top5_Accuracy_T:1.0 | Time:17.893 | Total_Time:2043.216
Train Epoch: 1 [57550/75750 (76%)] | Loss: 34.1008 | CE_V: 22.0311 | CE_T: 1.4850 | RE_V: 5.3397 | RE_T: 0.2876 | AE: 4.9574 | Top1_Accuracy_V:0.66 | Top5_Accuracy_V:0.8 | Top1_Accuracy_T:1.0 | Top5_Accuracy_T:1.0 | Time:17.774 | Total_Time:2061.0531
Train Epoch: 1 [58050/75750 (77%)] | Loss: 31.2764 | CE_V: 20.1836 | CE_T: 1.5318 | RE_V: 4.6638 | RE_T: 0.2853 | AE: 4.6119 | Top1_Accuracy_V:0.7 | Top5_Accuracy_V:0.86 | Top1_Accuracy_T:1.0 | Top5_Accuracy_T:1.0 | Time:17.6516 | Total_Time:2078.929
Train Epoch: 1 [58550/75750 (77%)] | Loss: 33.6284 | CE_V: 21.9687 | CE_T: 1.4440 | RE_V: 5.1621 | RE_T: 0.2832 | AE: 4.7703 | Top1_Accuracy_V:0.64 | Top5_Accuracy_V:0.84 | Top1_Accuracy_T:1.0 | Top5_Accuracy_T:1.0 | Time:17.6949 | Total_Time:2096.7713
Train Epoch: 1 [59050/75750 (78%)] | Loss: 30.1391 | CE_V: 19.5942 | CE_T: 1.4829 | RE_V: 4.2355 | RE_T: 0.2727 | AE: 4.5537 | Top1_Accuracy_V:0.7 | Top5_Accuracy_V:0.9 | Top1_Accuracy_T:0.98 | Top5_Accuracy_T:1.0 | Time:17.7701 | Total_Time:2114.6916
Train Epoch: 1 [59550/75750 (79%)] | Loss: 30.0892 | CE_V: 18.5196 | CE_T: 1.5576 | RE_V: 5.0568 | RE_T: 0.2768 | AE: 4.6785 | Top1_Accuracy_V:0.7 | Top5_Accuracy_V:0.92 | Top1_Accuracy_T:0.96 | Top5_Accuracy_T:0.98 | Time:17.9561 | Total_Time:2132.5419
Train Epoch: 1 [60050/75750 (79%)] | Loss: 30.5936 | CE_V: 18.9797 | CE_T: 1.6512 | RE_V: 5.4721 | RE_T: 0.3005 | AE: 4.1901 | Top1_Accuracy_V:0.7 | Top5_Accuracy_V:0.9 | Top1_Accuracy_T:1.0 | Top5_Accuracy_T:1.0 | Time:17.9605 | Total_Time:2150.3865
Train Epoch: 1 [60550/75750 (80%)] | Loss: 38.9993 | CE_V: 27.1797 | CE_T: 1.5503 | RE_V: 5.2486 | RE_T: 0.2587 | AE: 4.7621 | Top1_Accuracy_V:0.6 | Top5_Accuracy_V:0.8 | Top1_Accuracy_T:0.96 | Top5_Accuracy_T:0.98 | Time:17.737 | Total_Time:2168.2363
Train Epoch: 1 [61050/75750 (81%)] | Loss: 39.8234 | CE_V: 28.3732 | CE_T: 1.4516 | RE_V: 5.0399 | RE_T: 0.2586 | AE: 4.7001 | Top1_Accuracy_V:0.56 | Top5_Accuracy_V:0.8 | Top1_Accuracy_T:0.98 | Top5_Accuracy_T:1.0 | Time:17.8291 | Total_Time:2186.0863
Train Epoch: 1 [61550/75750 (81%)] | Loss: 37.8682 | CE_V: 25.3589 | CE_T: 1.4055 | RE_V: 5.6545 | RE_T: 0.2684 | AE: 5.1809 | Top1_Accuracy_V:0.64 | Top5_Accuracy_V:0.82 | Top1_Accuracy_T:0.98 | Top5_Accuracy_T:1.0 | Time:17.7924 | Total_Time:2203.9546
Train Epoch: 1 [62050/75750 (82%)] | Loss: 30.0787 | CE_V: 18.6221 | CE_T: 1.3501 | RE_V: 5.3321 | RE_T: 0.2823 | AE: 4.4921 | Top1_Accuracy_V:0.66 | Top5_Accuracy_V:0.9 | Top1_Accuracy_T:1.0 | Top5_Accuracy_T:1.0 | Time:17.8045 | Total_Time:2221.7977
Train Epoch: 1 [62550/75750 (83%)] | Loss: 33.4543 | CE_V: 22.3160 | CE_T: 1.2547 | RE_V: 5.0080 | RE_T: 0.2269 | AE: 4.6488 | Top1_Accuracy_V:0.64 | Top5_Accuracy_V:0.92 | Top1_Accuracy_T:0.98 | Top5_Accuracy_T:1.0 | Time:17.8553 | Total_Time:2239.7026
Train Epoch: 1 [63050/75750 (83%)] | Loss: 31.7068 | CE_V: 19.8589 | CE_T: 1.4300 | RE_V: 5.4171 | RE_T: 0.2558 | AE: 4.7451 | Top1_Accuracy_V:0.76 | Top5_Accuracy_V:0.9 | Top1_Accuracy_T:1.0 | Top5_Accuracy_T:1.0 | Time:17.8964 | Total_Time:2257.5501
Train Epoch: 1 [63550/75750 (84%)] | Loss: 30.2917 | CE_V: 19.2710 | CE_T: 1.3580 | RE_V: 5.2081 | RE_T: 0.2471 | AE: 4.2075 | Top1_Accuracy_V:0.66 | Top5_Accuracy_V:0.94 | Top1_Accuracy_T:1.0 | Top5_Accuracy_T:1.0 | Time:17.8011 | Total_Time:2275.4212
Train Epoch: 1 [64050/75750 (85%)] | Loss: 36.5162 | CE_V: 24.4480 | CE_T: 1.4387 | RE_V: 5.4952 | RE_T: 0.2637 | AE: 4.8706 | Top1_Accuracy_V:0.56 | Top5_Accuracy_V:0.8 | Top1_Accuracy_T:1.0 | Top5_Accuracy_T:1.0 | Time:17.7364 | Total_Time:2293.2796
Train Epoch: 1 [64550/75750 (85%)] | Loss: 29.8455 | CE_V: 18.1353 | CE_T: 1.4246 | RE_V: 5.3860 | RE_T: 0.2354 | AE: 4.6641 | Top1_Accuracy_V:0.76 | Top5_Accuracy_V:0.94 | Top1_Accuracy_T:0.96 | Top5_Accuracy_T:1.0 | Time:17.7938 | Total_Time:2311.1287
Train Epoch: 1 [65050/75750 (86%)] | Loss: 30.5960 | CE_V: 19.3852 | CE_T: 1.3009 | RE_V: 5.3387 | RE_T: 0.2326 | AE: 4.3385 | Top1_Accuracy_V:0.68 | Top5_Accuracy_V:0.88 | Top1_Accuracy_T:0.98 | Top5_Accuracy_T:1.0 | Time:17.875 | Total_Time:2329.0241
Train Epoch: 1 [65550/75750 (87%)] | Loss: 28.6607 | CE_V: 17.7839 | CE_T: 1.2235 | RE_V: 5.0206 | RE_T: 0.2155 | AE: 4.4171 | Top1_Accuracy_V:0.7 | Top5_Accuracy_V:0.92 | Top1_Accuracy_T:0.98 | Top5_Accuracy_T:1.0 | Time:17.9721 | Total_Time:2346.8979
Train Epoch: 1 [66050/75750 (87%)] | Loss: 33.6819 | CE_V: 22.1510 | CE_T: 1.5731 | RE_V: 5.3315 | RE_T: 0.2516 | AE: 4.3748 | Top1_Accuracy_V:0.7 | Top5_Accuracy_V:0.86 | Top1_Accuracy_T:0.96 | Top5_Accuracy_T:1.0 | Time:18.2894 | Total_Time:2364.8185
Train Epoch: 1 [66550/75750 (88%)] | Loss: 39.6687 | CE_V: 28.1665 | CE_T: 1.1695 | RE_V: 5.0516 | RE_T: 0.2139 | AE: 5.0673 | Top1_Accuracy_V:0.56 | Top5_Accuracy_V:0.78 | Top1_Accuracy_T:1.0 | Top5_Accuracy_T:1.0 | Time:17.8336 | Total_Time:2382.6853
Train Epoch: 1 [67050/75750 (89%)] | Loss: 26.1771 | CE_V: 15.8169 | CE_T: 1.1849 | RE_V: 4.7385 | RE_T: 0.2071 | AE: 4.2296 | Top1_Accuracy_V:0.76 | Top5_Accuracy_V:0.98 | Top1_Accuracy_T:0.96 | Top5_Accuracy_T:1.0 | Time:17.8352 | Total_Time:2400.541
Train Epoch: 1 [67550/75750 (89%)] | Loss: 34.1640 | CE_V: 22.5640 | CE_T: 1.2908 | RE_V: 5.1906 | RE_T: 0.2140 | AE: 4.9046 | Top1_Accuracy_V:0.62 | Top5_Accuracy_V:0.84 | Top1_Accuracy_T:0.98 | Top5_Accuracy_T:1.0 | Time:17.9338 | Total_Time:2418.4682
Train Epoch: 1 [68050/75750 (90%)] | Loss: 30.1707 | CE_V: 19.7179 | CE_T: 1.1298 | RE_V: 4.5486 | RE_T: 0.2007 | AE: 4.5737 | Top1_Accuracy_V:0.7 | Top5_Accuracy_V:0.84 | Top1_Accuracy_T:0.98 | Top5_Accuracy_T:1.0 | Time:17.7954 | Total_Time:2436.3244
Train Epoch: 1 [68550/75750 (90%)] | Loss: 31.1487 | CE_V: 20.0665 | CE_T: 1.3347 | RE_V: 5.0333 | RE_T: 0.2275 | AE: 4.4867 | Top1_Accuracy_V:0.74 | Top5_Accuracy_V:0.84 | Top1_Accuracy_T:1.0 | Top5_Accuracy_T:1.0 | Time:17.7894 | Total_Time:2454.2582
Train Epoch: 1 [69050/75750 (91%)] | Loss: 38.2324 | CE_V: 27.0805 | CE_T: 1.2196 | RE_V: 5.0411 | RE_T: 0.2058 | AE: 4.6853 | Top1_Accuracy_V:0.56 | Top5_Accuracy_V:0.82 | Top1_Accuracy_T:1.0 | Top5_Accuracy_T:1.0 | Time:17.9766 | Total_Time:2472.1453
Train Epoch: 1 [69550/75750 (92%)] | Loss: 27.7264 | CE_V: 17.1062 | CE_T: 1.2900 | RE_V: 5.0132 | RE_T: 0.2117 | AE: 4.1053 | Top1_Accuracy_V:0.7 | Top5_Accuracy_V:0.92 | Top1_Accuracy_T:0.98 | Top5_Accuracy_T:1.0 | Time:17.8829 | Total_Time:2490.0168
Train Epoch: 1 [70050/75750 (92%)] | Loss: 32.9151 | CE_V: 21.4870 | CE_T: 1.1446 | RE_V: 5.1574 | RE_T: 0.1837 | AE: 4.9425 | Top1_Accuracy_V:0.72 | Top5_Accuracy_V:0.9 | Top1_Accuracy_T:1.0 | Top5_Accuracy_T:1.0 | Time:17.878 | Total_Time:2507.8858
Train Epoch: 1 [70550/75750 (93%)] | Loss: 34.0485 | CE_V: 22.9820 | CE_T: 1.0657 | RE_V: 5.1799 | RE_T: 0.1732 | AE: 4.6477 | Top1_Accuracy_V:0.58 | Top5_Accuracy_V:0.84 | Top1_Accuracy_T:0.98 | Top5_Accuracy_T:1.0 | Time:17.9157 | Total_Time:2525.7308
Train Epoch: 1 [71050/75750 (94%)] | Loss: 23.8067 | CE_V: 13.4670 | CE_T: 1.1294 | RE_V: 4.7596 | RE_T: 0.1936 | AE: 4.2571 | Top1_Accuracy_V:0.78 | Top5_Accuracy_V:0.88 | Top1_Accuracy_T:0.98 | Top5_Accuracy_T:1.0 | Time:17.8026 | Total_Time:2543.6132
Train Epoch: 1 [71550/75750 (94%)] | Loss: 27.5810 | CE_V: 16.9621 | CE_T: 1.3151 | RE_V: 4.7689 | RE_T: 0.2042 | AE: 4.3307 | Top1_Accuracy_V:0.72 | Top5_Accuracy_V:0.9 | Top1_Accuracy_T:1.0 | Top5_Accuracy_T:1.0 | Time:17.9283 | Total_Time:2561.4827
Train Epoch: 1 [72050/75750 (95%)] | Loss: 31.7767 | CE_V: 21.0154 | CE_T: 1.0957 | RE_V: 5.0887 | RE_T: 0.2018 | AE: 4.3750 | Top1_Accuracy_V:0.62 | Top5_Accuracy_V:0.88 | Top1_Accuracy_T:1.0 | Top5_Accuracy_T:1.0 | Time:17.8795 | Total_Time:2579.4093
Train Epoch: 1 [72550/75750 (96%)] | Loss: 35.0768 | CE_V: 24.9446 | CE_T: 1.1329 | RE_V: 4.2743 | RE_T: 0.1910 | AE: 4.5339 | Top1_Accuracy_V:0.6 | Top5_Accuracy_V:0.84 | Top1_Accuracy_T:1.0 | Top5_Accuracy_T:1.0 | Time:17.7525 | Total_Time:2597.311
Train Epoch: 1 [73050/75750 (96%)] | Loss: 30.6776 | CE_V: 20.1816 | CE_T: 1.0544 | RE_V: 4.7950 | RE_T: 0.1683 | AE: 4.4783 | Top1_Accuracy_V:0.74 | Top5_Accuracy_V:0.9 | Top1_Accuracy_T:1.0 | Top5_Accuracy_T:1.0 | Time:17.9081 | Total_Time:2615.2134
Train Epoch: 1 [73550/75750 (97%)] | Loss: 30.9339 | CE_V: 20.5253 | CE_T: 1.0504 | RE_V: 4.9398 | RE_T: 0.1868 | AE: 4.2316 | Top1_Accuracy_V:0.6 | Top5_Accuracy_V:0.92 | Top1_Accuracy_T:1.0 | Top5_Accuracy_T:1.0 | Time:17.8446 | Total_Time:2633.1074
Train Epoch: 1 [74050/75750 (98%)] | Loss: 27.0957 | CE_V: 16.7551 | CE_T: 0.9492 | RE_V: 4.8397 | RE_T: 0.1648 | AE: 4.3871 | Top1_Accuracy_V:0.74 | Top5_Accuracy_V:0.9 | Top1_Accuracy_T:1.0 | Top5_Accuracy_T:1.0 | Time:17.6416 | Total_Time:2650.9534
Train Epoch: 1 [74550/75750 (98%)] | Loss: 31.1700 | CE_V: 20.6416 | CE_T: 1.0999 | RE_V: 4.5662 | RE_T: 0.1677 | AE: 4.6946 | Top1_Accuracy_V:0.66 | Top5_Accuracy_V:0.94 | Top1_Accuracy_T:1.0 | Top5_Accuracy_T:1.0 | Time:17.8728 | Total_Time:2668.9002
Train Epoch: 1 [75050/75750 (99%)] | Loss: 26.3511 | CE_V: 15.9478 | CE_T: 0.9771 | RE_V: 4.9781 | RE_T: 0.1589 | AE: 4.2892 | Top1_Accuracy_V:0.66 | Top5_Accuracy_V:0.9 | Top1_Accuracy_T:0.98 | Top5_Accuracy_T:1.0 | Time:17.9222 | Total_Time:2686.7645
Train Epoch: 1 [75550/75750 (100%)] | Loss: 29.3774 | CE_V: 18.6049 | CE_T: 1.1655 | RE_V: 5.0381 | RE_T: 0.1846 | AE: 4.3844 | Top1_Accuracy_V:0.7 | Top5_Accuracy_V:0.9 | Top1_Accuracy_T:0.98 | Top5_Accuracy_T:1.0 | Time:17.8806 | Total_Time:2704.6926
====> Epoch: 1 | Average loss: 42.4891 | Average Top1_Accuracy_V:0.5744290429042904 | Average Top5_Accuracy_V:0.8073003300330033 | Average Top1_Accuracy_T:0.7454257425742574 | Average Top5_Accuracy_T:0.8433135313531354 | Time:2711.8364
testing starts..
Testing batch: 0 | Top1_Accuracy_V:0.66 | Top5_Accuracy_V:0.9 | Top1_Accuracy_T:1.0 | Top5_Accuracy_T:1.0 | Time:0.6125 | Total_Time:1.089
Traceback (most recent call last):
  File "resnet-disentangle-multimodal.py", line 910, in <module>
    test(epoch)
  File "resnet-disentangle-multimodal.py", line 740, in test
    predicts_V, predicts_T, x, _, _, _ = model(data, ingredients)
  File "/home/menglei/anaconda3/lib/python3.6/site-packages/torch/nn/modules/module.py", line 477, in __call__
    result = self.forward(*input, **kwargs)
  File "/home/menglei/anaconda3/lib/python3.6/site-packages/torch/nn/parallel/data_parallel.py", line 123, in forward
    outputs = self.parallel_apply(replicas, inputs, kwargs)
  File "/home/menglei/anaconda3/lib/python3.6/site-packages/torch/nn/parallel/data_parallel.py", line 133, in parallel_apply
    return parallel_apply(replicas, inputs, kwargs, self.device_ids[:len(replicas)])
  File "/home/menglei/anaconda3/lib/python3.6/site-packages/torch/nn/parallel/parallel_apply.py", line 77, in parallel_apply
    raise output
  File "/home/menglei/anaconda3/lib/python3.6/site-packages/torch/nn/parallel/parallel_apply.py", line 53, in _worker
    output = module(*input, **kwargs)
  File "/home/menglei/anaconda3/lib/python3.6/site-packages/torch/nn/modules/module.py", line 477, in __call__
    result = self.forward(*input, **kwargs)
  File "resnet-disentangle-multimodal.py", line 441, in forward
    x = self.decoder_V(x_latent, a)
  File "resnet-disentangle-multimodal.py", line 427, in decoder_V
    x = self.layer8(x)
  File "/home/menglei/anaconda3/lib/python3.6/site-packages/torch/nn/modules/module.py", line 477, in __call__
    result = self.forward(*input, **kwargs)
  File "/home/menglei/anaconda3/lib/python3.6/site-packages/torch/nn/modules/container.py", line 91, in forward
    input = module(input)
  File "/home/menglei/anaconda3/lib/python3.6/site-packages/torch/nn/modules/module.py", line 477, in __call__
    result = self.forward(*input, **kwargs)
  File "resnet-disentangle-multimodal.py", line 284, in forward
    out = self.bn1(out)
  File "/home/menglei/anaconda3/lib/python3.6/site-packages/torch/nn/modules/module.py", line 477, in __call__
    result = self.forward(*input, **kwargs)
  File "/home/menglei/anaconda3/lib/python3.6/site-packages/torch/nn/modules/batchnorm.py", line 66, in forward
    exponential_average_factor, self.eps)
  File "/home/menglei/anaconda3/lib/python3.6/site-packages/torch/nn/functional.py", line 1254, in batch_norm
    training, momentum, eps, torch.backends.cudnn.enabled
RuntimeError: CUDA error: out of memory
