0.0005
Training starts..
<------Round start----->
Loss ====> CE_V: 4.7323408126831055 | Loss: 4.7323408126831055
<------Round start----->
Loss ====> CE_V: 4.9473114013671875 | Loss: 4.9473114013671875
<------Round start----->
Loss ====> CE_V: 4.861880779266357 | Loss: 4.861880779266357
<------Round start----->
Loss ====> CE_V: 4.590338230133057 | Loss: 4.590338230133057
<------Round start----->
Loss ====> CE_V: 4.387191295623779 | Loss: 4.387191295623779
<------Round start----->
Loss ====> CE_V: 5.037890911102295 | Loss: 5.037890911102295
<------Round start----->
Loss ====> CE_V: 4.646703720092773 | Loss: 4.646703720092773
<------Round start----->
Loss ====> CE_V: 5.0153069496154785 | Loss: 5.0153069496154785
<------Round start----->
Loss ====> CE_V: 5.219209671020508 | Loss: 5.219209671020508
<------Round start----->
Loss ====> CE_V: 4.853031635284424 | Loss: 4.853031635284424
<------Round start----->
Loss ====> CE_V: 5.024379730224609 | Loss: 5.024379730224609
Train Epoch: 1 [160/68175 (0%)] | Loss: 5.024380 | Top1_Accuracy_V:0.125 | Top5_Accuracy_V:0.25 | Time:0.675 | Total_Time:27.5478
<------Round start----->
Loss ====> CE_V: 4.565880298614502 | Loss: 4.565880298614502
<------Round start----->
Loss ====> CE_V: 4.973557949066162 | Loss: 4.973557949066162
<------Round start----->
Loss ====> CE_V: 5.370683670043945 | Loss: 5.370683670043945
<------Round start----->
Loss ====> CE_V: 4.270227432250977 | Loss: 4.270227432250977
<------Round start----->
Loss ====> CE_V: 4.80661678314209 | Loss: 4.80661678314209
<------Round start----->
Loss ====> CE_V: 5.365910530090332 | Loss: 5.365910530090332
<------Round start----->
Loss ====> CE_V: 4.531552314758301 | Loss: 4.531552314758301
<------Round start----->
Loss ====> CE_V: 4.541219711303711 | Loss: 4.541219711303711
<------Round start----->
Loss ====> CE_V: 5.051513195037842 | Loss: 5.051513195037842
<------Round start----->
Loss ====> CE_V: 4.685446739196777 | Loss: 4.685446739196777
Train Epoch: 1 [320/68175 (0%)] | Loss: 4.685447 | Top1_Accuracy_V:0.0625 | Top5_Accuracy_V:0.125 | Time:1.7426 | Total_Time:36.5918
<------Round start----->
Loss ====> CE_V: 4.806060314178467 | Loss: 4.806060314178467
<------Round start----->
Loss ====> CE_V: 4.95945930480957 | Loss: 4.95945930480957
<------Round start----->
Loss ====> CE_V: 4.18625020980835 | Loss: 4.18625020980835
<------Round start----->
Loss ====> CE_V: 5.15955924987793 | Loss: 5.15955924987793
<------Round start----->
Loss ====> CE_V: 4.929985046386719 | Loss: 4.929985046386719
<------Round start----->
Loss ====> CE_V: 4.969371318817139 | Loss: 4.969371318817139
<------Round start----->
Loss ====> CE_V: 4.701922416687012 | Loss: 4.701922416687012
<------Round start----->
Loss ====> CE_V: 4.464267730712891 | Loss: 4.464267730712891
<------Round start----->
Loss ====> CE_V: 4.255641460418701 | Loss: 4.255641460418701
<------Round start----->
Loss ====> CE_V: 4.279748916625977 | Loss: 4.279748916625977
Train Epoch: 1 [480/68175 (1%)] | Loss: 4.279749 | Top1_Accuracy_V:0.0625 | Top5_Accuracy_V:0.3125 | Time:0.6596 | Total_Time:41.8388
<------Round start----->
Loss ====> CE_V: 4.2914204597473145 | Loss: 4.2914204597473145
<------Round start----->
Loss ====> CE_V: 4.465415954589844 | Loss: 4.465415954589844
<------Round start----->
Loss ====> CE_V: 4.345883846282959 | Loss: 4.345883846282959
<------Round start----->
Loss ====> CE_V: 4.62294864654541 | Loss: 4.62294864654541
<------Round start----->
Loss ====> CE_V: 4.4781036376953125 | Loss: 4.4781036376953125
<------Round start----->
Loss ====> CE_V: 3.993760347366333 | Loss: 3.993760347366333
<------Round start----->
Loss ====> CE_V: 4.665030479431152 | Loss: 4.665030479431152
<------Round start----->
Loss ====> CE_V: 4.8283162117004395 | Loss: 4.8283162117004395
<------Round start----->
Loss ====> CE_V: 4.2711076736450195 | Loss: 4.2711076736450195
<------Round start----->
Loss ====> CE_V: 4.409750938415527 | Loss: 4.409750938415527
Train Epoch: 1 [640/68175 (1%)] | Loss: 4.409751 | Top1_Accuracy_V:0.0625 | Top5_Accuracy_V:0.1875 | Time:0.6635 | Total_Time:49.8536
<------Round start----->
Loss ====> CE_V: 4.321083068847656 | Loss: 4.321083068847656
<------Round start----->
Loss ====> CE_V: 4.625495433807373 | Loss: 4.625495433807373
<------Round start----->
Loss ====> CE_V: 4.423439025878906 | Loss: 4.423439025878906
<------Round start----->
Loss ====> CE_V: 4.613766670227051 | Loss: 4.613766670227051
<------Round start----->
Loss ====> CE_V: 4.632993221282959 | Loss: 4.632993221282959
<------Round start----->
Loss ====> CE_V: 4.321208953857422 | Loss: 4.321208953857422
<------Round start----->
Loss ====> CE_V: 3.948031425476074 | Loss: 3.948031425476074
<------Round start----->
Loss ====> CE_V: 3.929630994796753 | Loss: 3.929630994796753
<------Round start----->
Loss ====> CE_V: 4.336394309997559 | Loss: 4.336394309997559
<------Round start----->
Loss ====> CE_V: 4.326955318450928 | Loss: 4.326955318450928
Train Epoch: 1 [800/68175 (1%)] | Loss: 4.326955 | Top1_Accuracy_V:0.0625 | Top5_Accuracy_V:0.25 | Time:0.6541 | Total_Time:54.165
<------Round start----->
Loss ====> CE_V: 3.9404525756835938 | Loss: 3.9404525756835938
<------Round start----->
Loss ====> CE_V: 4.175330638885498 | Loss: 4.175330638885498
<------Round start----->
Loss ====> CE_V: 4.187643051147461 | Loss: 4.187643051147461
<------Round start----->
Loss ====> CE_V: 4.013036727905273 | Loss: 4.013036727905273
<------Round start----->
Loss ====> CE_V: 4.136148929595947 | Loss: 4.136148929595947
<------Round start----->
Loss ====> CE_V: 4.09724235534668 | Loss: 4.09724235534668
<------Round start----->
Loss ====> CE_V: 3.9040870666503906 | Loss: 3.9040870666503906
<------Round start----->
Loss ====> CE_V: 3.9298973083496094 | Loss: 3.9298973083496094
<------Round start----->
Loss ====> CE_V: 4.099299907684326 | Loss: 4.099299907684326
<------Round start----->
Loss ====> CE_V: 4.037219047546387 | Loss: 4.037219047546387
Train Epoch: 1 [960/68175 (1%)] | Loss: 4.037219 | Top1_Accuracy_V:0.1875 | Top5_Accuracy_V:0.25 | Time:0.661 | Total_Time:60.7486
<------Round start----->
Loss ====> CE_V: 4.364005088806152 | Loss: 4.364005088806152
<------Round start----->
Loss ====> CE_V: 4.1910200119018555 | Loss: 4.1910200119018555
<------Round start----->
Loss ====> CE_V: 3.467383623123169 | Loss: 3.467383623123169
<------Round start----->
Loss ====> CE_V: 4.142133712768555 | Loss: 4.142133712768555
<------Round start----->
Loss ====> CE_V: 4.372679710388184 | Loss: 4.372679710388184
<------Round start----->
Loss ====> CE_V: 3.8309154510498047 | Loss: 3.8309154510498047
<------Round start----->
Loss ====> CE_V: 4.000695705413818 | Loss: 4.000695705413818
<------Round start----->
Loss ====> CE_V: 3.6871509552001953 | Loss: 3.6871509552001953
<------Round start----->
Loss ====> CE_V: 3.998283624649048 | Loss: 3.998283624649048
<------Round start----->
Loss ====> CE_V: 4.281189918518066 | Loss: 4.281189918518066
Train Epoch: 1 [1120/68175 (2%)] | Loss: 4.281190 | Top1_Accuracy_V:0.0625 | Top5_Accuracy_V:0.3125 | Time:1.7003 | Total_Time:65.9472
<------Round start----->
Loss ====> CE_V: 4.236857891082764 | Loss: 4.236857891082764
<------Round start----->
Loss ====> CE_V: 3.489340305328369 | Loss: 3.489340305328369
<------Round start----->
Loss ====> CE_V: 4.276601791381836 | Loss: 4.276601791381836
<------Round start----->
Loss ====> CE_V: 4.124081134796143 | Loss: 4.124081134796143
<------Round start----->
Loss ====> CE_V: 4.067546844482422 | Loss: 4.067546844482422
<------Round start----->
Loss ====> CE_V: 4.005277156829834 | Loss: 4.005277156829834
<------Round start----->
Loss ====> CE_V: 4.082602500915527 | Loss: 4.082602500915527
<------Round start----->
Loss ====> CE_V: 4.078604698181152 | Loss: 4.078604698181152
<------Round start----->
Loss ====> CE_V: 4.276494026184082 | Loss: 4.276494026184082
<------Round start----->
Loss ====> CE_V: 3.339597702026367 | Loss: 3.339597702026367
Train Epoch: 1 [1280/68175 (2%)] | Loss: 3.339598 | Top1_Accuracy_V:0.25 | Top5_Accuracy_V:0.5 | Time:0.6487 | Total_Time:73.0842
<------Round start----->
Loss ====> CE_V: 3.428453207015991 | Loss: 3.428453207015991
<------Round start----->
Loss ====> CE_V: 4.010799884796143 | Loss: 4.010799884796143
<------Round start----->
Loss ====> CE_V: 3.916860818862915 | Loss: 3.916860818862915
<------Round start----->
Loss ====> CE_V: 4.246509075164795 | Loss: 4.246509075164795
<------Round start----->
Loss ====> CE_V: 3.392841339111328 | Loss: 3.392841339111328
<------Round start----->
Loss ====> CE_V: 4.010581970214844 | Loss: 4.010581970214844
<------Round start----->
Loss ====> CE_V: 4.034450531005859 | Loss: 4.034450531005859
<------Round start----->
Loss ====> CE_V: 3.961075782775879 | Loss: 3.961075782775879
<------Round start----->
Loss ====> CE_V: 3.6323180198669434 | Loss: 3.6323180198669434
<------Round start----->
Loss ====> CE_V: 4.565361976623535 | Loss: 4.565361976623535
Train Epoch: 1 [1440/68175 (2%)] | Loss: 4.565362 | Top1_Accuracy_V:0.125 | Top5_Accuracy_V:0.125 | Time:1.7085 | Total_Time:81.5824
<------Round start----->
Loss ====> CE_V: 3.663007974624634 | Loss: 3.663007974624634
<------Round start----->
Loss ====> CE_V: 3.7200565338134766 | Loss: 3.7200565338134766
<------Round start----->
Loss ====> CE_V: 4.099131107330322 | Loss: 4.099131107330322
<------Round start----->
Loss ====> CE_V: 3.2715115547180176 | Loss: 3.2715115547180176
<------Round start----->
Loss ====> CE_V: 4.024528980255127 | Loss: 4.024528980255127
<------Round start----->
Loss ====> CE_V: 3.771233558654785 | Loss: 3.771233558654785
<------Round start----->
Loss ====> CE_V: 3.982100009918213 | Loss: 3.982100009918213
<------Round start----->
Loss ====> CE_V: 3.5859575271606445 | Loss: 3.5859575271606445
<------Round start----->
Loss ====> CE_V: 3.8327646255493164 | Loss: 3.8327646255493164
<------Round start----->
Loss ====> CE_V: 3.327054262161255 | Loss: 3.327054262161255
Train Epoch: 1 [1600/68175 (2%)] | Loss: 3.327054 | Top1_Accuracy_V:0.3125 | Top5_Accuracy_V:0.625 | Time:0.645 | Total_Time:89.4206
<------Round start----->
Loss ====> CE_V: 3.7290406227111816 | Loss: 3.7290406227111816
<------Round start----->
Loss ====> CE_V: 4.270160675048828 | Loss: 4.270160675048828
<------Round start----->
Loss ====> CE_V: 4.017091751098633 | Loss: 4.017091751098633
<------Round start----->
Loss ====> CE_V: 3.8986480236053467 | Loss: 3.8986480236053467
<------Round start----->
Loss ====> CE_V: 3.587232828140259 | Loss: 3.587232828140259
<------Round start----->
Loss ====> CE_V: 3.3357994556427 | Loss: 3.3357994556427
<------Round start----->
Loss ====> CE_V: 3.466078519821167 | Loss: 3.466078519821167
<------Round start----->
Loss ====> CE_V: 3.813384532928467 | Loss: 3.813384532928467
<------Round start----->
Loss ====> CE_V: 3.7145891189575195 | Loss: 3.7145891189575195
<------Round start----->
Loss ====> CE_V: 3.3087189197540283 | Loss: 3.3087189197540283
Train Epoch: 1 [1760/68175 (3%)] | Loss: 3.308719 | Top1_Accuracy_V:0.1875 | Top5_Accuracy_V:0.375 | Time:0.6501 | Total_Time:104.9227
<------Round start----->
Loss ====> CE_V: 3.5179343223571777 | Loss: 3.5179343223571777
<------Round start----->
Loss ====> CE_V: 3.6199018955230713 | Loss: 3.6199018955230713
<------Round start----->
Loss ====> CE_V: 3.448254108428955 | Loss: 3.448254108428955
<------Round start----->
Loss ====> CE_V: 4.401832103729248 | Loss: 4.401832103729248
<------Round start----->
Loss ====> CE_V: 3.571197748184204 | Loss: 3.571197748184204
<------Round start----->
Loss ====> CE_V: 3.1647379398345947 | Loss: 3.1647379398345947
<------Round start----->
Loss ====> CE_V: 3.563751697540283 | Loss: 3.563751697540283
<------Round start----->
Loss ====> CE_V: 3.389305353164673 | Loss: 3.389305353164673
<------Round start----->
Loss ====> CE_V: 3.859016180038452 | Loss: 3.859016180038452
<------Round start----->
Loss ====> CE_V: 3.734193801879883 | Loss: 3.734193801879883
Train Epoch: 1 [1920/68175 (3%)] | Loss: 3.734194 | Top1_Accuracy_V:0.125 | Top5_Accuracy_V:0.25 | Time:0.6466 | Total_Time:111.4171
<------Round start----->
Loss ====> CE_V: 3.5162014961242676 | Loss: 3.5162014961242676
<------Round start----->
Loss ====> CE_V: 4.031762599945068 | Loss: 4.031762599945068
<------Round start----->
Loss ====> CE_V: 3.3784689903259277 | Loss: 3.3784689903259277
<------Round start----->
Loss ====> CE_V: 3.2133941650390625 | Loss: 3.2133941650390625
<------Round start----->
Loss ====> CE_V: 3.0320611000061035 | Loss: 3.0320611000061035
<------Round start----->
Loss ====> CE_V: 3.3317596912384033 | Loss: 3.3317596912384033
<------Round start----->
Loss ====> CE_V: 3.709630012512207 | Loss: 3.709630012512207
<------Round start----->
Loss ====> CE_V: 2.949272394180298 | Loss: 2.949272394180298
<------Round start----->
Loss ====> CE_V: 3.42496395111084 | Loss: 3.42496395111084
<------Round start----->
Loss ====> CE_V: 3.402207374572754 | Loss: 3.402207374572754
Train Epoch: 1 [2080/68175 (3%)] | Loss: 3.402207 | Top1_Accuracy_V:0.3125 | Top5_Accuracy_V:0.4375 | Time:0.6585 | Total_Time:116.6333
<------Round start----->
Loss ====> CE_V: 3.629668712615967 | Loss: 3.629668712615967
<------Round start----->
Loss ====> CE_V: 3.6635825634002686 | Loss: 3.6635825634002686
<------Round start----->
Loss ====> CE_V: 2.889728546142578 | Loss: 2.889728546142578
<------Round start----->
Loss ====> CE_V: 3.4606287479400635 | Loss: 3.4606287479400635
<------Round start----->
Loss ====> CE_V: 4.1013593673706055 | Loss: 4.1013593673706055
<------Round start----->
Loss ====> CE_V: 3.4525234699249268 | Loss: 3.4525234699249268
<------Round start----->
Loss ====> CE_V: 3.526427745819092 | Loss: 3.526427745819092
<------Round start----->
Loss ====> CE_V: 4.071597576141357 | Loss: 4.071597576141357
<------Round start----->
Loss ====> CE_V: 3.428190231323242 | Loss: 3.428190231323242
<------Round start----->
Loss ====> CE_V: 3.691129446029663 | Loss: 3.691129446029663
Train Epoch: 1 [2240/68175 (3%)] | Loss: 3.691129 | Top1_Accuracy_V:0.1875 | Top5_Accuracy_V:0.3125 | Time:1.5995 | Total_Time:122.6562
<------Round start----->
Loss ====> CE_V: 3.7057669162750244 | Loss: 3.7057669162750244
<------Round start----->
Loss ====> CE_V: 3.699141025543213 | Loss: 3.699141025543213
<------Round start----->
Loss ====> CE_V: 3.878512382507324 | Loss: 3.878512382507324
<------Round start----->
Loss ====> CE_V: 3.6264588832855225 | Loss: 3.6264588832855225
<------Round start----->
Loss ====> CE_V: 3.9000244140625 | Loss: 3.9000244140625
<------Round start----->
Loss ====> CE_V: 4.086678504943848 | Loss: 4.086678504943848
<------Round start----->
Loss ====> CE_V: 3.413590908050537 | Loss: 3.413590908050537
<------Round start----->
Loss ====> CE_V: 3.0612947940826416 | Loss: 3.0612947940826416
<------Round start----->
Loss ====> CE_V: 3.9351515769958496 | Loss: 3.9351515769958496
<------Round start----->
Loss ====> CE_V: 4.335084915161133 | Loss: 4.335084915161133
Train Epoch: 1 [2400/68175 (4%)] | Loss: 4.335085 | Top1_Accuracy_V:0.125 | Top5_Accuracy_V:0.3125 | Time:0.6678 | Total_Time:128.6036
<------Round start----->
Loss ====> CE_V: 3.0944881439208984 | Loss: 3.0944881439208984
<------Round start----->
Loss ====> CE_V: 3.638488292694092 | Loss: 3.638488292694092
<------Round start----->
Loss ====> CE_V: 3.494941473007202 | Loss: 3.494941473007202
<------Round start----->
Loss ====> CE_V: 3.7173938751220703 | Loss: 3.7173938751220703
<------Round start----->
Loss ====> CE_V: 3.5823974609375 | Loss: 3.5823974609375
<------Round start----->
Loss ====> CE_V: 4.2031965255737305 | Loss: 4.2031965255737305
<------Round start----->
Loss ====> CE_V: 3.455113649368286 | Loss: 3.455113649368286
<------Round start----->
Loss ====> CE_V: 3.389946460723877 | Loss: 3.389946460723877
<------Round start----->
Loss ====> CE_V: 4.021096229553223 | Loss: 4.021096229553223
<------Round start----->
Loss ====> CE_V: 3.64739990234375 | Loss: 3.64739990234375
Train Epoch: 1 [2560/68175 (4%)] | Loss: 3.647400 | Top1_Accuracy_V:0.3125 | Top5_Accuracy_V:0.375 | Time:0.653 | Total_Time:131.9079
<------Round start----->
Loss ====> CE_V: 3.9160897731781006 | Loss: 3.9160897731781006
<------Round start----->
Loss ====> CE_V: 4.0968475341796875 | Loss: 4.0968475341796875
<------Round start----->
Loss ====> CE_V: 3.844942331314087 | Loss: 3.844942331314087
<------Round start----->
Loss ====> CE_V: 3.9273664951324463 | Loss: 3.9273664951324463
<------Round start----->
Loss ====> CE_V: 3.3646042346954346 | Loss: 3.3646042346954346
<------Round start----->
Loss ====> CE_V: 3.761183738708496 | Loss: 3.761183738708496
<------Round start----->
Loss ====> CE_V: 4.34473991394043 | Loss: 4.34473991394043
<------Round start----->
Loss ====> CE_V: 3.4771416187286377 | Loss: 3.4771416187286377
<------Round start----->
Loss ====> CE_V: 3.582115888595581 | Loss: 3.582115888595581
<------Round start----->
Loss ====> CE_V: 3.834611177444458 | Loss: 3.834611177444458
Train Epoch: 1 [2720/68175 (4%)] | Loss: 3.834611 | Top1_Accuracy_V:0.0625 | Top5_Accuracy_V:0.3125 | Time:0.6425 | Total_Time:135.0603
<------Round start----->
Loss ====> CE_V: 3.749825954437256 | Loss: 3.749825954437256
<------Round start----->
Loss ====> CE_V: 3.8767311573028564 | Loss: 3.8767311573028564
<------Round start----->
Loss ====> CE_V: 3.0966296195983887 | Loss: 3.0966296195983887
<------Round start----->
Loss ====> CE_V: 3.714552640914917 | Loss: 3.714552640914917
<------Round start----->
Loss ====> CE_V: 3.508863925933838 | Loss: 3.508863925933838
<------Round start----->
Loss ====> CE_V: 3.927713632583618 | Loss: 3.927713632583618
<------Round start----->
Loss ====> CE_V: 3.396704912185669 | Loss: 3.396704912185669
<------Round start----->
Loss ====> CE_V: 3.67012619972229 | Loss: 3.67012619972229
<------Round start----->
Loss ====> CE_V: 3.667571544647217 | Loss: 3.667571544647217
<------Round start----->
Loss ====> CE_V: 3.207383155822754 | Loss: 3.207383155822754
Train Epoch: 1 [2880/68175 (4%)] | Loss: 3.207383 | Top1_Accuracy_V:0.3125 | Top5_Accuracy_V:0.5 | Time:0.6636 | Total_Time:141.3472
<------Round start----->
Loss ====> CE_V: 3.4916985034942627 | Loss: 3.4916985034942627
<------Round start----->
Loss ====> CE_V: 3.4574766159057617 | Loss: 3.4574766159057617
<------Round start----->
Loss ====> CE_V: 3.4688448905944824 | Loss: 3.4688448905944824
<------Round start----->
Loss ====> CE_V: 3.6345932483673096 | Loss: 3.6345932483673096
<------Round start----->
Loss ====> CE_V: 3.655632495880127 | Loss: 3.655632495880127
<------Round start----->
Loss ====> CE_V: 3.2715306282043457 | Loss: 3.2715306282043457
<------Round start----->
Loss ====> CE_V: 3.4606049060821533 | Loss: 3.4606049060821533
<------Round start----->
Loss ====> CE_V: 3.9394922256469727 | Loss: 3.9394922256469727
<------Round start----->
Loss ====> CE_V: 3.3194148540496826 | Loss: 3.3194148540496826
<------Round start----->
Loss ====> CE_V: 3.4420325756073 | Loss: 3.4420325756073
Train Epoch: 1 [3040/68175 (4%)] | Loss: 3.442033 | Top1_Accuracy_V:0.125 | Top5_Accuracy_V:0.3125 | Time:0.65 | Total_Time:148.9711
<------Round start----->
Loss ====> CE_V: 4.209352493286133 | Loss: 4.209352493286133
<------Round start----->
Loss ====> CE_V: 3.1258749961853027 | Loss: 3.1258749961853027
<------Round start----->
Loss ====> CE_V: 3.578263521194458 | Loss: 3.578263521194458
<------Round start----->
Loss ====> CE_V: 3.2001090049743652 | Loss: 3.2001090049743652
<------Round start----->
Loss ====> CE_V: 3.430880546569824 | Loss: 3.430880546569824
<------Round start----->
Loss ====> CE_V: 3.070707321166992 | Loss: 3.070707321166992
<------Round start----->
Loss ====> CE_V: 3.6766107082366943 | Loss: 3.6766107082366943
<------Round start----->
Loss ====> CE_V: 4.313305854797363 | Loss: 4.313305854797363
<------Round start----->
Loss ====> CE_V: 3.279043197631836 | Loss: 3.279043197631836
<------Round start----->
Loss ====> CE_V: 3.492159843444824 | Loss: 3.492159843444824
Train Epoch: 1 [3200/68175 (5%)] | Loss: 3.492160 | Top1_Accuracy_V:0.25 | Top5_Accuracy_V:0.3125 | Time:0.6469 | Total_Time:156.4874
<------Round start----->
Loss ====> CE_V: 3.7197928428649902 | Loss: 3.7197928428649902
<------Round start----->
Loss ====> CE_V: 3.8079209327697754 | Loss: 3.8079209327697754
<------Round start----->
Loss ====> CE_V: 3.8417227268218994 | Loss: 3.8417227268218994
<------Round start----->
Loss ====> CE_V: 3.3795995712280273 | Loss: 3.3795995712280273
<------Round start----->
Loss ====> CE_V: 2.7051448822021484 | Loss: 2.7051448822021484
<------Round start----->
Loss ====> CE_V: 3.2715296745300293 | Loss: 3.2715296745300293
<------Round start----->
Loss ====> CE_V: 4.0111308097839355 | Loss: 4.0111308097839355
<------Round start----->
Loss ====> CE_V: 2.9677748680114746 | Loss: 2.9677748680114746
<------Round start----->
Loss ====> CE_V: 3.606337070465088 | Loss: 3.606337070465088
<------Round start----->
Loss ====> CE_V: 3.5510177612304688 | Loss: 3.5510177612304688
Train Epoch: 1 [3360/68175 (5%)] | Loss: 3.551018 | Top1_Accuracy_V:0.1875 | Top5_Accuracy_V:0.375 | Time:0.6592 | Total_Time:164.5239
<------Round start----->
Loss ====> CE_V: 3.1670005321502686 | Loss: 3.1670005321502686
<------Round start----->
Loss ====> CE_V: 3.063462734222412 | Loss: 3.063462734222412
<------Round start----->
Loss ====> CE_V: 3.278393030166626 | Loss: 3.278393030166626
<------Round start----->
Loss ====> CE_V: 3.7301414012908936 | Loss: 3.7301414012908936
<------Round start----->
Loss ====> CE_V: 3.0726561546325684 | Loss: 3.0726561546325684
<------Round start----->
Loss ====> CE_V: 3.731752872467041 | Loss: 3.731752872467041
<------Round start----->
Loss ====> CE_V: 3.7072582244873047 | Loss: 3.7072582244873047
<------Round start----->
Loss ====> CE_V: 3.563336133956909 | Loss: 3.563336133956909
<------Round start----->
Loss ====> CE_V: 3.4807722568511963 | Loss: 3.4807722568511963
<------Round start----->
Loss ====> CE_V: 3.6982502937316895 | Loss: 3.6982502937316895
Train Epoch: 1 [3520/68175 (5%)] | Loss: 3.698250 | Top1_Accuracy_V:0.0625 | Top5_Accuracy_V:0.375 | Time:0.6577 | Total_Time:171.4656
<------Round start----->
Loss ====> CE_V: 3.0727992057800293 | Loss: 3.0727992057800293
<------Round start----->
Loss ====> CE_V: 3.054600715637207 | Loss: 3.054600715637207
<------Round start----->
Loss ====> CE_V: 3.452759265899658 | Loss: 3.452759265899658
<------Round start----->
Loss ====> CE_V: 3.612729549407959 | Loss: 3.612729549407959
<------Round start----->
Loss ====> CE_V: 3.174715280532837 | Loss: 3.174715280532837
<------Round start----->
Loss ====> CE_V: 4.104057312011719 | Loss: 4.104057312011719
<------Round start----->
Loss ====> CE_V: 4.411764144897461 | Loss: 4.411764144897461
<------Round start----->
Loss ====> CE_V: 3.902634859085083 | Loss: 3.902634859085083
<------Round start----->
Loss ====> CE_V: 3.211951732635498 | Loss: 3.211951732635498
<------Round start----->
Loss ====> CE_V: 3.104343891143799 | Loss: 3.104343891143799
Train Epoch: 1 [3680/68175 (5%)] | Loss: 3.104344 | Top1_Accuracy_V:0.3125 | Top5_Accuracy_V:0.5 | Time:1.727 | Total_Time:179.9687
<------Round start----->
Loss ====> CE_V: 3.844996213912964 | Loss: 3.844996213912964
<------Round start----->
Loss ====> CE_V: 2.9847891330718994 | Loss: 2.9847891330718994
<------Round start----->
Loss ====> CE_V: 4.133329391479492 | Loss: 4.133329391479492
<------Round start----->
Loss ====> CE_V: 3.3497812747955322 | Loss: 3.3497812747955322
<------Round start----->
Loss ====> CE_V: 3.1352808475494385 | Loss: 3.1352808475494385
<------Round start----->
Loss ====> CE_V: 2.9866583347320557 | Loss: 2.9866583347320557
<------Round start----->
Loss ====> CE_V: 2.7569308280944824 | Loss: 2.7569308280944824
<------Round start----->
Loss ====> CE_V: 3.497546434402466 | Loss: 3.497546434402466
<------Round start----->
Loss ====> CE_V: 3.505094289779663 | Loss: 3.505094289779663
<------Round start----->
Loss ====> CE_V: 3.310119867324829 | Loss: 3.310119867324829
Train Epoch: 1 [3840/68175 (6%)] | Loss: 3.310120 | Top1_Accuracy_V:0.1875 | Top5_Accuracy_V:0.5625 | Time:0.6569 | Total_Time:198.5501
<------Round start----->
Loss ====> CE_V: 3.542618989944458 | Loss: 3.542618989944458
<------Round start----->
Loss ====> CE_V: 3.441098690032959 | Loss: 3.441098690032959
<------Round start----->
Loss ====> CE_V: 3.272066116333008 | Loss: 3.272066116333008
<------Round start----->
Loss ====> CE_V: 2.916079044342041 | Loss: 2.916079044342041
<------Round start----->
Loss ====> CE_V: 3.4330198764801025 | Loss: 3.4330198764801025
<------Round start----->
Loss ====> CE_V: 3.8201608657836914 | Loss: 3.8201608657836914
<------Round start----->
Loss ====> CE_V: 3.3138904571533203 | Loss: 3.3138904571533203
<------Round start----->
Loss ====> CE_V: 4.061276435852051 | Loss: 4.061276435852051
<------Round start----->
Loss ====> CE_V: 3.449552536010742 | Loss: 3.449552536010742
<------Round start----->
Loss ====> CE_V: 3.63065767288208 | Loss: 3.63065767288208
Train Epoch: 1 [4000/68175 (6%)] | Loss: 3.630658 | Top1_Accuracy_V:0.1875 | Top5_Accuracy_V:0.4375 | Time:0.6579 | Total_Time:207.4972
<------Round start----->
Loss ====> CE_V: 3.467376470565796 | Loss: 3.467376470565796
<------Round start----->
Loss ====> CE_V: 3.089646339416504 | Loss: 3.089646339416504
<------Round start----->
Loss ====> CE_V: 3.476202964782715 | Loss: 3.476202964782715
<------Round start----->
Loss ====> CE_V: 3.1155478954315186 | Loss: 3.1155478954315186
<------Round start----->
Loss ====> CE_V: 3.9005837440490723 | Loss: 3.9005837440490723
<------Round start----->
Loss ====> CE_V: 2.922062397003174 | Loss: 2.922062397003174
<------Round start----->
Loss ====> CE_V: 3.1381664276123047 | Loss: 3.1381664276123047
<------Round start----->
Loss ====> CE_V: 2.8990604877471924 | Loss: 2.8990604877471924
<------Round start----->
Loss ====> CE_V: 2.6977438926696777 | Loss: 2.6977438926696777
<------Round start----->
Loss ====> CE_V: 2.966938018798828 | Loss: 2.966938018798828
Train Epoch: 1 [4160/68175 (6%)] | Loss: 2.966938 | Top1_Accuracy_V:0.125 | Top5_Accuracy_V:0.625 | Time:0.6539 | Total_Time:231.5711
<------Round start----->
Loss ====> CE_V: 2.7410731315612793 | Loss: 2.7410731315612793
<------Round start----->
Loss ====> CE_V: 3.6829111576080322 | Loss: 3.6829111576080322
<------Round start----->
Loss ====> CE_V: 3.5341763496398926 | Loss: 3.5341763496398926
<------Round start----->
Loss ====> CE_V: 3.0655357837677 | Loss: 3.0655357837677
<------Round start----->
Loss ====> CE_V: 3.3506293296813965 | Loss: 3.3506293296813965
<------Round start----->
Loss ====> CE_V: 3.2946858406066895 | Loss: 3.2946858406066895
<------Round start----->
Loss ====> CE_V: 3.3243439197540283 | Loss: 3.3243439197540283
<------Round start----->
Loss ====> CE_V: 3.085455894470215 | Loss: 3.085455894470215
<------Round start----->
Loss ====> CE_V: 3.7437808513641357 | Loss: 3.7437808513641357
<------Round start----->
Loss ====> CE_V: 3.4880666732788086 | Loss: 3.4880666732788086
Train Epoch: 1 [4320/68175 (6%)] | Loss: 3.488067 | Top1_Accuracy_V:0.1875 | Top5_Accuracy_V:0.25 | Time:0.678 | Total_Time:241.5173
<------Round start----->
Loss ====> CE_V: 3.061004161834717 | Loss: 3.061004161834717
<------Round start----->
Loss ====> CE_V: 2.805630683898926 | Loss: 2.805630683898926
<------Round start----->
Loss ====> CE_V: 2.961348295211792 | Loss: 2.961348295211792
<------Round start----->
Loss ====> CE_V: 3.06203293800354 | Loss: 3.06203293800354
<------Round start----->
Loss ====> CE_V: 3.3459787368774414 | Loss: 3.3459787368774414
<------Round start----->
Loss ====> CE_V: 2.7062828540802 | Loss: 2.7062828540802
<------Round start----->
Loss ====> CE_V: 2.777008533477783 | Loss: 2.777008533477783
<------Round start----->
Loss ====> CE_V: 3.2053027153015137 | Loss: 3.2053027153015137
<------Round start----->
Loss ====> CE_V: 3.8014657497406006 | Loss: 3.8014657497406006
<------Round start----->
Loss ====> CE_V: 3.6985583305358887 | Loss: 3.6985583305358887
Train Epoch: 1 [4480/68175 (7%)] | Loss: 3.698558 | Top1_Accuracy_V:0.0625 | Top5_Accuracy_V:0.375 | Time:0.6581 | Total_Time:257.5124
<------Round start----->
Loss ====> CE_V: 3.14715313911438 | Loss: 3.14715313911438
<------Round start----->
Loss ====> CE_V: 3.090559244155884 | Loss: 3.090559244155884
<------Round start----->
Loss ====> CE_V: 3.712254762649536 | Loss: 3.712254762649536
<------Round start----->
Loss ====> CE_V: 3.1002848148345947 | Loss: 3.1002848148345947
<------Round start----->
Loss ====> CE_V: 4.413578510284424 | Loss: 4.413578510284424
<------Round start----->
Loss ====> CE_V: 4.045284748077393 | Loss: 4.045284748077393
<------Round start----->
Loss ====> CE_V: 2.9995388984680176 | Loss: 2.9995388984680176
<------Round start----->
Loss ====> CE_V: 3.457566738128662 | Loss: 3.457566738128662
<------Round start----->
Loss ====> CE_V: 3.5863354206085205 | Loss: 3.5863354206085205
<------Round start----->
Loss ====> CE_V: 3.6600124835968018 | Loss: 3.6600124835968018
Train Epoch: 1 [4640/68175 (7%)] | Loss: 3.660012 | Top1_Accuracy_V:0.0625 | Top5_Accuracy_V:0.3125 | Time:0.6777 | Total_Time:279.4731
<------Round start----->
Loss ====> CE_V: 3.5537452697753906 | Loss: 3.5537452697753906
<------Round start----->
Loss ====> CE_V: 3.570892095565796 | Loss: 3.570892095565796
<------Round start----->
Loss ====> CE_V: 3.0834805965423584 | Loss: 3.0834805965423584
<------Round start----->
Loss ====> CE_V: 3.1733551025390625 | Loss: 3.1733551025390625
<------Round start----->
Loss ====> CE_V: 3.698150396347046 | Loss: 3.698150396347046
<------Round start----->
Loss ====> CE_V: 3.156620979309082 | Loss: 3.156620979309082
<------Round start----->
Loss ====> CE_V: 3.832414388656616 | Loss: 3.832414388656616
<------Round start----->
Loss ====> CE_V: 3.3747055530548096 | Loss: 3.3747055530548096
<------Round start----->
Loss ====> CE_V: 4.2202253341674805 | Loss: 4.2202253341674805
<------Round start----->
Loss ====> CE_V: 3.643873929977417 | Loss: 3.643873929977417
Train Epoch: 1 [4800/68175 (7%)] | Loss: 3.643874 | Top1_Accuracy_V:0.125 | Top5_Accuracy_V:0.25 | Time:0.7134 | Total_Time:296.5638
<------Round start----->
Loss ====> CE_V: 2.8785016536712646 | Loss: 2.8785016536712646
<------Round start----->
Loss ====> CE_V: 3.046504259109497 | Loss: 3.046504259109497
<------Round start----->
Loss ====> CE_V: 3.298330307006836 | Loss: 3.298330307006836
<------Round start----->
Loss ====> CE_V: 3.451716423034668 | Loss: 3.451716423034668
<------Round start----->
Loss ====> CE_V: 3.0820260047912598 | Loss: 3.0820260047912598
<------Round start----->
Loss ====> CE_V: 3.577178955078125 | Loss: 3.577178955078125
<------Round start----->
Loss ====> CE_V: 2.411376953125 | Loss: 2.411376953125
<------Round start----->
Loss ====> CE_V: 3.453481674194336 | Loss: 3.453481674194336
<------Round start----->
Loss ====> CE_V: 3.1923980712890625 | Loss: 3.1923980712890625
<------Round start----->
Loss ====> CE_V: 3.315119504928589 | Loss: 3.315119504928589
Train Epoch: 1 [4960/68175 (7%)] | Loss: 3.315120 | Top1_Accuracy_V:0.0625 | Top5_Accuracy_V:0.375 | Time:0.6548 | Total_Time:309.2582
<------Round start----->
Loss ====> CE_V: 3.331191301345825 | Loss: 3.331191301345825
<------Round start----->
Loss ====> CE_V: 3.4775469303131104 | Loss: 3.4775469303131104
<------Round start----->
Loss ====> CE_V: 3.226199150085449 | Loss: 3.226199150085449
<------Round start----->
Loss ====> CE_V: 3.006643772125244 | Loss: 3.006643772125244
<------Round start----->
Loss ====> CE_V: 2.757312536239624 | Loss: 2.757312536239624
<------Round start----->
Loss ====> CE_V: 2.757002353668213 | Loss: 2.757002353668213
<------Round start----->
Loss ====> CE_V: 2.3581788539886475 | Loss: 2.3581788539886475
<------Round start----->
Loss ====> CE_V: 2.7497777938842773 | Loss: 2.7497777938842773
<------Round start----->
Loss ====> CE_V: 2.8659868240356445 | Loss: 2.8659868240356445
<------Round start----->
Loss ====> CE_V: 3.5439255237579346 | Loss: 3.5439255237579346
Train Epoch: 1 [5120/68175 (8%)] | Loss: 3.543926 | Top1_Accuracy_V:0.25 | Top5_Accuracy_V:0.375 | Time:0.6663 | Total_Time:317.8385
<------Round start----->
Loss ====> CE_V: 3.0634918212890625 | Loss: 3.0634918212890625
<------Round start----->
Loss ====> CE_V: 3.519110679626465 | Loss: 3.519110679626465
<------Round start----->
Loss ====> CE_V: 3.6808066368103027 | Loss: 3.6808066368103027
<------Round start----->
Loss ====> CE_V: 3.387286901473999 | Loss: 3.387286901473999
<------Round start----->
Loss ====> CE_V: 3.388998508453369 | Loss: 3.388998508453369
<------Round start----->
Loss ====> CE_V: 3.297805070877075 | Loss: 3.297805070877075
<------Round start----->
Loss ====> CE_V: 2.789412498474121 | Loss: 2.789412498474121
<------Round start----->
Loss ====> CE_V: 2.8733136653900146 | Loss: 2.8733136653900146
<------Round start----->
Loss ====> CE_V: 2.7661478519439697 | Loss: 2.7661478519439697
<------Round start----->
Loss ====> CE_V: 2.794178009033203 | Loss: 2.794178009033203
Train Epoch: 1 [5280/68175 (8%)] | Loss: 2.794178 | Top1_Accuracy_V:0.3125 | Top5_Accuracy_V:0.5625 | Time:0.6446 | Total_Time:326.0885
<------Round start----->
Loss ====> CE_V: 3.0128424167633057 | Loss: 3.0128424167633057
<------Round start----->
Loss ====> CE_V: 2.832810401916504 | Loss: 2.832810401916504
<------Round start----->
Loss ====> CE_V: 3.437155246734619 | Loss: 3.437155246734619
<------Round start----->
Loss ====> CE_V: 3.511653184890747 | Loss: 3.511653184890747
<------Round start----->
Loss ====> CE_V: 2.832512855529785 | Loss: 2.832512855529785
<------Round start----->
Loss ====> CE_V: 2.891242742538452 | Loss: 2.891242742538452
<------Round start----->
Loss ====> CE_V: 3.1090354919433594 | Loss: 3.1090354919433594
<------Round start----->
Loss ====> CE_V: 2.879547119140625 | Loss: 2.879547119140625
<------Round start----->
Loss ====> CE_V: 2.6125245094299316 | Loss: 2.6125245094299316
<------Round start----->
Loss ====> CE_V: 3.0323970317840576 | Loss: 3.0323970317840576
Train Epoch: 1 [5440/68175 (8%)] | Loss: 3.032397 | Top1_Accuracy_V:0.25 | Top5_Accuracy_V:0.5625 | Time:2.3311 | Total_Time:353.7885
<------Round start----->
Loss ====> CE_V: 3.6020803451538086 | Loss: 3.6020803451538086
<------Round start----->
Loss ====> CE_V: 3.7522385120391846 | Loss: 3.7522385120391846
<------Round start----->
Loss ====> CE_V: 3.048444986343384 | Loss: 3.048444986343384
<------Round start----->
Loss ====> CE_V: 3.2242486476898193 | Loss: 3.2242486476898193
<------Round start----->
Loss ====> CE_V: 3.341352939605713 | Loss: 3.341352939605713
<------Round start----->
Loss ====> CE_V: 3.162912607192993 | Loss: 3.162912607192993
<------Round start----->
Loss ====> CE_V: 2.660928726196289 | Loss: 2.660928726196289
<------Round start----->
Loss ====> CE_V: 3.0428171157836914 | Loss: 3.0428171157836914
<------Round start----->
Loss ====> CE_V: 2.880540132522583 | Loss: 2.880540132522583
<------Round start----->
Loss ====> CE_V: 3.222696304321289 | Loss: 3.222696304321289
Train Epoch: 1 [5600/68175 (8%)] | Loss: 3.222696 | Top1_Accuracy_V:0.1875 | Top5_Accuracy_V:0.375 | Time:0.6604 | Total_Time:364.3712
<------Round start----->
Loss ====> CE_V: 2.9353485107421875 | Loss: 2.9353485107421875
<------Round start----->
Loss ====> CE_V: 2.80517840385437 | Loss: 2.80517840385437
<------Round start----->
Loss ====> CE_V: 2.5254287719726562 | Loss: 2.5254287719726562
<------Round start----->
Loss ====> CE_V: 4.324326038360596 | Loss: 4.324326038360596
<------Round start----->
Loss ====> CE_V: 3.0093796253204346 | Loss: 3.0093796253204346
<------Round start----->
Loss ====> CE_V: 3.666639804840088 | Loss: 3.666639804840088
<------Round start----->
Loss ====> CE_V: 3.141794204711914 | Loss: 3.141794204711914
<------Round start----->
Loss ====> CE_V: 3.0079073905944824 | Loss: 3.0079073905944824
<------Round start----->
Loss ====> CE_V: 3.4298129081726074 | Loss: 3.4298129081726074
<------Round start----->
Loss ====> CE_V: 3.2342240810394287 | Loss: 3.2342240810394287
Train Epoch: 1 [5760/68175 (8%)] | Loss: 3.234224 | Top1_Accuracy_V:0.125 | Top5_Accuracy_V:0.5 | Time:0.6793 | Total_Time:373.8585
<------Round start----->
Loss ====> CE_V: 3.114300489425659 | Loss: 3.114300489425659
<------Round start----->
Loss ====> CE_V: 3.0520882606506348 | Loss: 3.0520882606506348
<------Round start----->
Loss ====> CE_V: 3.5013222694396973 | Loss: 3.5013222694396973
<------Round start----->
Loss ====> CE_V: 3.5121521949768066 | Loss: 3.5121521949768066
<------Round start----->
Loss ====> CE_V: 3.0640554428100586 | Loss: 3.0640554428100586
<------Round start----->
Loss ====> CE_V: 3.756364107131958 | Loss: 3.756364107131958
<------Round start----->
Loss ====> CE_V: 3.524442672729492 | Loss: 3.524442672729492
<------Round start----->
Loss ====> CE_V: 3.4844396114349365 | Loss: 3.4844396114349365
<------Round start----->
Loss ====> CE_V: 3.255469799041748 | Loss: 3.255469799041748
<------Round start----->
Loss ====> CE_V: 2.9560320377349854 | Loss: 2.9560320377349854
Train Epoch: 1 [5920/68175 (9%)] | Loss: 2.956032 | Top1_Accuracy_V:0.1875 | Top5_Accuracy_V:0.625 | Time:0.6584 | Total_Time:385.9861
<------Round start----->
Loss ====> CE_V: 3.2522857189178467 | Loss: 3.2522857189178467
<------Round start----->
Loss ====> CE_V: 3.63686466217041 | Loss: 3.63686466217041
<------Round start----->
Loss ====> CE_V: 3.269237995147705 | Loss: 3.269237995147705
<------Round start----->
Loss ====> CE_V: 3.0325067043304443 | Loss: 3.0325067043304443
<------Round start----->
Loss ====> CE_V: 3.1988916397094727 | Loss: 3.1988916397094727
<------Round start----->
Loss ====> CE_V: 3.7121973037719727 | Loss: 3.7121973037719727
<------Round start----->
Loss ====> CE_V: 3.3102636337280273 | Loss: 3.3102636337280273
<------Round start----->
Loss ====> CE_V: 3.039044141769409 | Loss: 3.039044141769409
<------Round start----->
Loss ====> CE_V: 2.7175960540771484 | Loss: 2.7175960540771484
<------Round start----->
Loss ====> CE_V: 3.4135615825653076 | Loss: 3.4135615825653076
Train Epoch: 1 [6080/68175 (9%)] | Loss: 3.413562 | Top1_Accuracy_V:0.25 | Top5_Accuracy_V:0.5 | Time:0.6542 | Total_Time:398.1291
<------Round start----->
Loss ====> CE_V: 3.025230646133423 | Loss: 3.025230646133423
<------Round start----->
Loss ====> CE_V: 3.809060573577881 | Loss: 3.809060573577881
<------Round start----->
Loss ====> CE_V: 2.6489064693450928 | Loss: 2.6489064693450928
<------Round start----->
Loss ====> CE_V: 2.819864511489868 | Loss: 2.819864511489868
<------Round start----->
Loss ====> CE_V: 2.739014148712158 | Loss: 2.739014148712158
<------Round start----->
Loss ====> CE_V: 3.1354360580444336 | Loss: 3.1354360580444336
<------Round start----->
Loss ====> CE_V: 4.184445381164551 | Loss: 4.184445381164551
<------Round start----->
Loss ====> CE_V: 3.1573009490966797 | Loss: 3.1573009490966797
<------Round start----->
Loss ====> CE_V: 3.072883129119873 | Loss: 3.072883129119873
<------Round start----->
Loss ====> CE_V: 3.2302937507629395 | Loss: 3.2302937507629395
Train Epoch: 1 [6240/68175 (9%)] | Loss: 3.230294 | Top1_Accuracy_V:0.375 | Top5_Accuracy_V:0.375 | Time:0.7092 | Total_Time:416.4474
<------Round start----->
Loss ====> CE_V: 3.3266258239746094 | Loss: 3.3266258239746094
<------Round start----->
Loss ====> CE_V: 3.7666287422180176 | Loss: 3.7666287422180176
<------Round start----->
Loss ====> CE_V: 2.698221206665039 | Loss: 2.698221206665039
<------Round start----->
Loss ====> CE_V: 3.501650333404541 | Loss: 3.501650333404541
<------Round start----->
Loss ====> CE_V: 3.1581006050109863 | Loss: 3.1581006050109863
<------Round start----->
Loss ====> CE_V: 3.4532105922698975 | Loss: 3.4532105922698975
<------Round start----->
Loss ====> CE_V: 2.9701249599456787 | Loss: 2.9701249599456787
<------Round start----->
Loss ====> CE_V: 3.1593399047851562 | Loss: 3.1593399047851562
<------Round start----->
Loss ====> CE_V: 2.7085869312286377 | Loss: 2.7085869312286377
<------Round start----->
Loss ====> CE_V: 3.7883553504943848 | Loss: 3.7883553504943848
Train Epoch: 1 [6400/68175 (9%)] | Loss: 3.788355 | Top1_Accuracy_V:0.1875 | Top5_Accuracy_V:0.375 | Time:0.6553 | Total_Time:432.3401
<------Round start----->
Loss ====> CE_V: 3.2119035720825195 | Loss: 3.2119035720825195
<------Round start----->
Loss ====> CE_V: 3.6077628135681152 | Loss: 3.6077628135681152
<------Round start----->
Loss ====> CE_V: 3.903540849685669 | Loss: 3.903540849685669
<------Round start----->
Loss ====> CE_V: 2.906677484512329 | Loss: 2.906677484512329
<------Round start----->
Loss ====> CE_V: 2.9864046573638916 | Loss: 2.9864046573638916
<------Round start----->
Loss ====> CE_V: 2.733262538909912 | Loss: 2.733262538909912
<------Round start----->
Loss ====> CE_V: 2.649888515472412 | Loss: 2.649888515472412
<------Round start----->
Loss ====> CE_V: 2.7243845462799072 | Loss: 2.7243845462799072
<------Round start----->
Loss ====> CE_V: 3.4449074268341064 | Loss: 3.4449074268341064
<------Round start----->
Loss ====> CE_V: 3.2792606353759766 | Loss: 3.2792606353759766
Train Epoch: 1 [6560/68175 (10%)] | Loss: 3.279261 | Top1_Accuracy_V:0.25 | Top5_Accuracy_V:0.375 | Time:1.1171 | Total_Time:443.9122
<------Round start----->
Loss ====> CE_V: 2.695268392562866 | Loss: 2.695268392562866
<------Round start----->
Loss ====> CE_V: 2.6179215908050537 | Loss: 2.6179215908050537
<------Round start----->
Loss ====> CE_V: 3.2370872497558594 | Loss: 3.2370872497558594
<------Round start----->
Loss ====> CE_V: 2.2217464447021484 | Loss: 2.2217464447021484
<------Round start----->
Loss ====> CE_V: 2.697291374206543 | Loss: 2.697291374206543
<------Round start----->
Loss ====> CE_V: 2.937974452972412 | Loss: 2.937974452972412
<------Round start----->
Loss ====> CE_V: 2.8065123558044434 | Loss: 2.8065123558044434
<------Round start----->
Loss ====> CE_V: 3.376345634460449 | Loss: 3.376345634460449
<------Round start----->
Loss ====> CE_V: 3.4523565769195557 | Loss: 3.4523565769195557
<------Round start----->
Loss ====> CE_V: 2.942502021789551 | Loss: 2.942502021789551
Train Epoch: 1 [6720/68175 (10%)] | Loss: 2.942502 | Top1_Accuracy_V:0.375 | Top5_Accuracy_V:0.625 | Time:0.7804 | Total_Time:456.5012
<------Round start----->
Loss ====> CE_V: 3.418308734893799 | Loss: 3.418308734893799
<------Round start----->
Loss ====> CE_V: 3.0280611515045166 | Loss: 3.0280611515045166
<------Round start----->
Loss ====> CE_V: 2.7353148460388184 | Loss: 2.7353148460388184
<------Round start----->
Loss ====> CE_V: 4.160958766937256 | Loss: 4.160958766937256
<------Round start----->
Loss ====> CE_V: 3.4762706756591797 | Loss: 3.4762706756591797
<------Round start----->
Loss ====> CE_V: 3.3391127586364746 | Loss: 3.3391127586364746
<------Round start----->
Loss ====> CE_V: 3.282843828201294 | Loss: 3.282843828201294
<------Round start----->
Loss ====> CE_V: 2.649808406829834 | Loss: 2.649808406829834
<------Round start----->
Loss ====> CE_V: 3.261537551879883 | Loss: 3.261537551879883
<------Round start----->
Loss ====> CE_V: 3.398573160171509 | Loss: 3.398573160171509
Train Epoch: 1 [6880/68175 (10%)] | Loss: 3.398573 | Top1_Accuracy_V:0.125 | Top5_Accuracy_V:0.5625 | Time:0.6474 | Total_Time:487.8403
<------Round start----->
Loss ====> CE_V: 3.63727068901062 | Loss: 3.63727068901062
<------Round start----->
Loss ====> CE_V: 2.5182135105133057 | Loss: 2.5182135105133057
<------Round start----->
Loss ====> CE_V: 4.190485000610352 | Loss: 4.190485000610352
<------Round start----->
Loss ====> CE_V: 3.145099401473999 | Loss: 3.145099401473999
<------Round start----->
Loss ====> CE_V: 3.0403525829315186 | Loss: 3.0403525829315186
<------Round start----->
Loss ====> CE_V: 2.8493268489837646 | Loss: 2.8493268489837646
<------Round start----->
Loss ====> CE_V: 3.1257081031799316 | Loss: 3.1257081031799316
<------Round start----->
Loss ====> CE_V: 3.3627092838287354 | Loss: 3.3627092838287354
<------Round start----->
Loss ====> CE_V: 3.4927594661712646 | Loss: 3.4927594661712646
<------Round start----->
Loss ====> CE_V: 2.8158657550811768 | Loss: 2.8158657550811768
Train Epoch: 1 [7040/68175 (10%)] | Loss: 2.815866 | Top1_Accuracy_V:0.25 | Top5_Accuracy_V:0.6875 | Time:1.7057 | Total_Time:498.2103
<------Round start----->
Loss ====> CE_V: 3.453761100769043 | Loss: 3.453761100769043
<------Round start----->
Loss ====> CE_V: 2.8767802715301514 | Loss: 2.8767802715301514
<------Round start----->
Loss ====> CE_V: 2.7468738555908203 | Loss: 2.7468738555908203
<------Round start----->
Loss ====> CE_V: 2.983170747756958 | Loss: 2.983170747756958
<------Round start----->
Loss ====> CE_V: 3.1050496101379395 | Loss: 3.1050496101379395
<------Round start----->
Loss ====> CE_V: 3.0477237701416016 | Loss: 3.0477237701416016
<------Round start----->
Loss ====> CE_V: 3.0760693550109863 | Loss: 3.0760693550109863
<------Round start----->
Loss ====> CE_V: 3.2359485626220703 | Loss: 3.2359485626220703
<------Round start----->
Loss ====> CE_V: 2.5371174812316895 | Loss: 2.5371174812316895
<------Round start----->
Loss ====> CE_V: 2.981996774673462 | Loss: 2.981996774673462
Train Epoch: 1 [7200/68175 (11%)] | Loss: 2.981997 | Top1_Accuracy_V:0.1875 | Top5_Accuracy_V:0.5625 | Time:0.6498 | Total_Time:505.7502
<------Round start----->
Loss ====> CE_V: 3.3099586963653564 | Loss: 3.3099586963653564
<------Round start----->
Loss ====> CE_V: 2.9066355228424072 | Loss: 2.9066355228424072
<------Round start----->
Loss ====> CE_V: 2.0150961875915527 | Loss: 2.0150961875915527
<------Round start----->
Loss ====> CE_V: 2.599350690841675 | Loss: 2.599350690841675
<------Round start----->
Loss ====> CE_V: 3.121013879776001 | Loss: 3.121013879776001
<------Round start----->
Loss ====> CE_V: 2.4191067218780518 | Loss: 2.4191067218780518
<------Round start----->
Loss ====> CE_V: 3.6960792541503906 | Loss: 3.6960792541503906
<------Round start----->
Loss ====> CE_V: 2.925586223602295 | Loss: 2.925586223602295
<------Round start----->
Loss ====> CE_V: 3.2696895599365234 | Loss: 3.2696895599365234
<------Round start----->
Loss ====> CE_V: 3.800729274749756 | Loss: 3.800729274749756
Train Epoch: 1 [7360/68175 (11%)] | Loss: 3.800729 | Top1_Accuracy_V:0.0625 | Top5_Accuracy_V:0.25 | Time:0.6535 | Total_Time:514.5726
<------Round start----->
Loss ====> CE_V: 3.149353504180908 | Loss: 3.149353504180908
<------Round start----->
Loss ====> CE_V: 3.183924436569214 | Loss: 3.183924436569214
<------Round start----->
Loss ====> CE_V: 2.6747236251831055 | Loss: 2.6747236251831055
<------Round start----->
Loss ====> CE_V: 3.010883092880249 | Loss: 3.010883092880249
<------Round start----->
Loss ====> CE_V: 3.3211770057678223 | Loss: 3.3211770057678223
<------Round start----->
Loss ====> CE_V: 2.8312690258026123 | Loss: 2.8312690258026123
<------Round start----->
Loss ====> CE_V: 2.8508501052856445 | Loss: 2.8508501052856445
<------Round start----->
Loss ====> CE_V: 3.2988996505737305 | Loss: 3.2988996505737305
<------Round start----->
Loss ====> CE_V: 2.688384771347046 | Loss: 2.688384771347046
<------Round start----->
Loss ====> CE_V: 2.6552317142486572 | Loss: 2.6552317142486572
Train Epoch: 1 [7520/68175 (11%)] | Loss: 2.655232 | Top1_Accuracy_V:0.375 | Top5_Accuracy_V:0.6875 | Time:0.6571 | Total_Time:524.7468
<------Round start----->
Loss ====> CE_V: 3.468355178833008 | Loss: 3.468355178833008
<------Round start----->
Loss ====> CE_V: 3.752593994140625 | Loss: 3.752593994140625
<------Round start----->
Loss ====> CE_V: 3.8375329971313477 | Loss: 3.8375329971313477
<------Round start----->
Loss ====> CE_V: 2.6120309829711914 | Loss: 2.6120309829711914
<------Round start----->
Loss ====> CE_V: 2.8522212505340576 | Loss: 2.8522212505340576
<------Round start----->
Loss ====> CE_V: 2.438356876373291 | Loss: 2.438356876373291
<------Round start----->
Loss ====> CE_V: 2.8651347160339355 | Loss: 2.8651347160339355
<------Round start----->
Loss ====> CE_V: 2.8818957805633545 | Loss: 2.8818957805633545
<------Round start----->
Loss ====> CE_V: 3.3799586296081543 | Loss: 3.3799586296081543
<------Round start----->
Loss ====> CE_V: 3.138927936553955 | Loss: 3.138927936553955
Train Epoch: 1 [7680/68175 (11%)] | Loss: 3.138928 | Top1_Accuracy_V:0.1875 | Top5_Accuracy_V:0.4375 | Time:0.6544 | Total_Time:537.8161
<------Round start----->
Loss ====> CE_V: 3.7923104763031006 | Loss: 3.7923104763031006
<------Round start----->
Loss ====> CE_V: 2.877650737762451 | Loss: 2.877650737762451
<------Round start----->
Loss ====> CE_V: 3.362867832183838 | Loss: 3.362867832183838
<------Round start----->
Loss ====> CE_V: 3.19985294342041 | Loss: 3.19985294342041
<------Round start----->
Loss ====> CE_V: 2.943822145462036 | Loss: 2.943822145462036
<------Round start----->
Loss ====> CE_V: 2.903411388397217 | Loss: 2.903411388397217
<------Round start----->
Loss ====> CE_V: 2.7524375915527344 | Loss: 2.7524375915527344
<------Round start----->
Loss ====> CE_V: 2.7719919681549072 | Loss: 2.7719919681549072
<------Round start----->
Loss ====> CE_V: 3.0180511474609375 | Loss: 3.0180511474609375
<------Round start----->
Loss ====> CE_V: 3.120835065841675 | Loss: 3.120835065841675
Train Epoch: 1 [7840/68175 (11%)] | Loss: 3.120835 | Top1_Accuracy_V:0.125 | Top5_Accuracy_V:0.5625 | Time:0.6571 | Total_Time:547.6852
<------Round start----->
Loss ====> CE_V: 2.8720431327819824 | Loss: 2.8720431327819824
<------Round start----->
Loss ====> CE_V: 3.278846502304077 | Loss: 3.278846502304077
<------Round start----->
Loss ====> CE_V: 3.2721080780029297 | Loss: 3.2721080780029297
<------Round start----->
Loss ====> CE_V: 2.654035806655884 | Loss: 2.654035806655884
<------Round start----->
Loss ====> CE_V: 3.068880319595337 | Loss: 3.068880319595337
<------Round start----->
Loss ====> CE_V: 3.2046310901641846 | Loss: 3.2046310901641846
<------Round start----->
Loss ====> CE_V: 3.1897130012512207 | Loss: 3.1897130012512207
<------Round start----->
Loss ====> CE_V: 4.000155448913574 | Loss: 4.000155448913574
<------Round start----->
Loss ====> CE_V: 3.2344508171081543 | Loss: 3.2344508171081543
<------Round start----->
Loss ====> CE_V: 3.2372536659240723 | Loss: 3.2372536659240723
Train Epoch: 1 [8000/68175 (12%)] | Loss: 3.237254 | Top1_Accuracy_V:0.25 | Top5_Accuracy_V:0.375 | Time:0.652 | Total_Time:557.9141
<------Round start----->
Loss ====> CE_V: 2.949951171875 | Loss: 2.949951171875
<------Round start----->
Loss ====> CE_V: 2.904189348220825 | Loss: 2.904189348220825
<------Round start----->
Loss ====> CE_V: 2.8508660793304443 | Loss: 2.8508660793304443
<------Round start----->
Loss ====> CE_V: 3.4458212852478027 | Loss: 3.4458212852478027
<------Round start----->
Loss ====> CE_V: 3.191412925720215 | Loss: 3.191412925720215
<------Round start----->
Loss ====> CE_V: 2.847019910812378 | Loss: 2.847019910812378
<------Round start----->
Loss ====> CE_V: 2.9571800231933594 | Loss: 2.9571800231933594
<------Round start----->
Loss ====> CE_V: 3.005310535430908 | Loss: 3.005310535430908
<------Round start----->
Loss ====> CE_V: 2.8232157230377197 | Loss: 2.8232157230377197
<------Round start----->
Loss ====> CE_V: 3.4112560749053955 | Loss: 3.4112560749053955
Train Epoch: 1 [8160/68175 (12%)] | Loss: 3.411256 | Top1_Accuracy_V:0.125 | Top5_Accuracy_V:0.5625 | Time:0.6657 | Total_Time:565.6887
<------Round start----->
Loss ====> CE_V: 2.5569567680358887 | Loss: 2.5569567680358887
<------Round start----->
Loss ====> CE_V: 2.9966578483581543 | Loss: 2.9966578483581543
<------Round start----->
Loss ====> CE_V: 3.3346850872039795 | Loss: 3.3346850872039795
<------Round start----->
Loss ====> CE_V: 2.679811954498291 | Loss: 2.679811954498291
<------Round start----->
Loss ====> CE_V: 3.8648881912231445 | Loss: 3.8648881912231445
<------Round start----->
Loss ====> CE_V: 3.6375913619995117 | Loss: 3.6375913619995117
<------Round start----->
Loss ====> CE_V: 2.516770839691162 | Loss: 2.516770839691162
<------Round start----->
Loss ====> CE_V: 2.764056444168091 | Loss: 2.764056444168091
<------Round start----->
Loss ====> CE_V: 3.9277544021606445 | Loss: 3.9277544021606445
<------Round start----->
Loss ====> CE_V: 3.026195526123047 | Loss: 3.026195526123047
Train Epoch: 1 [8320/68175 (12%)] | Loss: 3.026196 | Top1_Accuracy_V:0.25 | Top5_Accuracy_V:0.5625 | Time:0.6467 | Total_Time:581.3951
<------Round start----->
Loss ====> CE_V: 2.6659317016601562 | Loss: 2.6659317016601562
<------Round start----->
Loss ====> CE_V: 2.430898904800415 | Loss: 2.430898904800415
<------Round start----->
Loss ====> CE_V: 2.4764342308044434 | Loss: 2.4764342308044434
<------Round start----->
Loss ====> CE_V: 1.8305671215057373 | Loss: 1.8305671215057373
<------Round start----->
Loss ====> CE_V: 3.095412254333496 | Loss: 3.095412254333496
<------Round start----->
Loss ====> CE_V: 2.816950798034668 | Loss: 2.816950798034668
<------Round start----->
Loss ====> CE_V: 3.983738899230957 | Loss: 3.983738899230957
<------Round start----->
Loss ====> CE_V: 2.5242793560028076 | Loss: 2.5242793560028076
<------Round start----->
Loss ====> CE_V: 2.605314016342163 | Loss: 2.605314016342163
<------Round start----->
Loss ====> CE_V: 3.10506534576416 | Loss: 3.10506534576416
Train Epoch: 1 [8480/68175 (12%)] | Loss: 3.105065 | Top1_Accuracy_V:0.3125 | Top5_Accuracy_V:0.6875 | Time:0.6682 | Total_Time:614.0698
<------Round start----->
Loss ====> CE_V: 2.6204776763916016 | Loss: 2.6204776763916016
<------Round start----->
Loss ====> CE_V: 3.09061336517334 | Loss: 3.09061336517334
<------Round start----->
Loss ====> CE_V: 3.5345308780670166 | Loss: 3.5345308780670166
<------Round start----->
Loss ====> CE_V: 3.2064061164855957 | Loss: 3.2064061164855957
<------Round start----->
Loss ====> CE_V: 3.271857976913452 | Loss: 3.271857976913452
<------Round start----->
Loss ====> CE_V: 2.5952885150909424 | Loss: 2.5952885150909424
<------Round start----->
Loss ====> CE_V: 3.6163930892944336 | Loss: 3.6163930892944336
<------Round start----->
Loss ====> CE_V: 2.6593286991119385 | Loss: 2.6593286991119385
<------Round start----->
Loss ====> CE_V: 2.6476755142211914 | Loss: 2.6476755142211914
<------Round start----->
Loss ====> CE_V: 2.785278797149658 | Loss: 2.785278797149658
Train Epoch: 1 [8640/68175 (13%)] | Loss: 2.785279 | Top1_Accuracy_V:0.3125 | Top5_Accuracy_V:0.625 | Time:0.6555 | Total_Time:622.9877
<------Round start----->
Loss ====> CE_V: 3.082796573638916 | Loss: 3.082796573638916
<------Round start----->
Loss ====> CE_V: 2.9100453853607178 | Loss: 2.9100453853607178
<------Round start----->
Loss ====> CE_V: 4.029407501220703 | Loss: 4.029407501220703
<------Round start----->
Loss ====> CE_V: 2.783087730407715 | Loss: 2.783087730407715
<------Round start----->
Loss ====> CE_V: 2.6016058921813965 | Loss: 2.6016058921813965
<------Round start----->
Loss ====> CE_V: 3.0673999786376953 | Loss: 3.0673999786376953
<------Round start----->
Loss ====> CE_V: 3.1339504718780518 | Loss: 3.1339504718780518
<------Round start----->
Loss ====> CE_V: 2.7990643978118896 | Loss: 2.7990643978118896
<------Round start----->
Loss ====> CE_V: 2.805241823196411 | Loss: 2.805241823196411
<------Round start----->
Loss ====> CE_V: 2.4277894496917725 | Loss: 2.4277894496917725
Train Epoch: 1 [8800/68175 (13%)] | Loss: 2.427789 | Top1_Accuracy_V:0.3125 | Top5_Accuracy_V:0.625 | Time:0.666 | Total_Time:632.791
<------Round start----->
Loss ====> CE_V: 3.7443838119506836 | Loss: 3.7443838119506836
<------Round start----->
Loss ====> CE_V: 3.192995309829712 | Loss: 3.192995309829712
<------Round start----->
Loss ====> CE_V: 2.3216922283172607 | Loss: 2.3216922283172607
<------Round start----->
Loss ====> CE_V: 2.738941192626953 | Loss: 2.738941192626953
<------Round start----->
Loss ====> CE_V: 3.007474899291992 | Loss: 3.007474899291992
<------Round start----->
Loss ====> CE_V: 3.3004207611083984 | Loss: 3.3004207611083984
<------Round start----->
Loss ====> CE_V: 2.3172860145568848 | Loss: 2.3172860145568848
<------Round start----->
Loss ====> CE_V: 2.566499710083008 | Loss: 2.566499710083008
<------Round start----->
Loss ====> CE_V: 2.8671791553497314 | Loss: 2.8671791553497314
<------Round start----->
Loss ====> CE_V: 2.811659336090088 | Loss: 2.811659336090088
Train Epoch: 1 [8960/68175 (13%)] | Loss: 2.811659 | Top1_Accuracy_V:0.375 | Top5_Accuracy_V:0.5625 | Time:1.5511 | Total_Time:641.7925
<------Round start----->
Loss ====> CE_V: 3.247253894805908 | Loss: 3.247253894805908
<------Round start----->
Loss ====> CE_V: 2.7463369369506836 | Loss: 2.7463369369506836
<------Round start----->
Loss ====> CE_V: 2.4511656761169434 | Loss: 2.4511656761169434
<------Round start----->
Loss ====> CE_V: 3.5273571014404297 | Loss: 3.5273571014404297
<------Round start----->
Loss ====> CE_V: 2.7920572757720947 | Loss: 2.7920572757720947
<------Round start----->
Loss ====> CE_V: 3.0886592864990234 | Loss: 3.0886592864990234
<------Round start----->
Loss ====> CE_V: 3.766512632369995 | Loss: 3.766512632369995
<------Round start----->
Loss ====> CE_V: 2.9534778594970703 | Loss: 2.9534778594970703
<------Round start----->
Loss ====> CE_V: 2.8686516284942627 | Loss: 2.8686516284942627
<------Round start----->
Loss ====> CE_V: 2.847165822982788 | Loss: 2.847165822982788
Train Epoch: 1 [9120/68175 (13%)] | Loss: 2.847166 | Top1_Accuracy_V:0.1875 | Top5_Accuracy_V:0.75 | Time:0.6514 | Total_Time:649.8574
<------Round start----->
Loss ====> CE_V: 2.964958906173706 | Loss: 2.964958906173706
<------Round start----->
Loss ====> CE_V: 2.4405877590179443 | Loss: 2.4405877590179443
<------Round start----->
Loss ====> CE_V: 3.646010160446167 | Loss: 3.646010160446167
<------Round start----->
Loss ====> CE_V: 2.9151647090911865 | Loss: 2.9151647090911865
<------Round start----->
Loss ====> CE_V: 2.4375641345977783 | Loss: 2.4375641345977783
<------Round start----->
Loss ====> CE_V: 2.6943118572235107 | Loss: 2.6943118572235107
<------Round start----->
Loss ====> CE_V: 2.386523723602295 | Loss: 2.386523723602295
<------Round start----->
Loss ====> CE_V: 3.260796070098877 | Loss: 3.260796070098877
<------Round start----->
Loss ====> CE_V: 3.197117328643799 | Loss: 3.197117328643799
<------Round start----->
Loss ====> CE_V: 3.537238836288452 | Loss: 3.537238836288452
Train Epoch: 1 [9280/68175 (14%)] | Loss: 3.537239 | Top1_Accuracy_V:0.125 | Top5_Accuracy_V:0.5625 | Time:0.6681 | Total_Time:657.6324
<------Round start----->
Loss ====> CE_V: 3.2867653369903564 | Loss: 3.2867653369903564
<------Round start----->
Loss ====> CE_V: 3.70749831199646 | Loss: 3.70749831199646
<------Round start----->
Loss ====> CE_V: 2.3692779541015625 | Loss: 2.3692779541015625
<------Round start----->
Loss ====> CE_V: 3.110215187072754 | Loss: 3.110215187072754
<------Round start----->
Loss ====> CE_V: 2.1286747455596924 | Loss: 2.1286747455596924
<------Round start----->
Loss ====> CE_V: 2.809690475463867 | Loss: 2.809690475463867
<------Round start----->
Loss ====> CE_V: 2.6277706623077393 | Loss: 2.6277706623077393
